{"level":"info","msg":"同步成功：","time":"2019-08-01T12:49:05+08:00"}
{"level":"info","msg":"同步成功：","time":"2019-08-01T13:45:39+08:00"}
{"level":"warning","msg":"交易区同步失败","time":"2019-08-01T16:30:20+08:00"}
{"level":"warning","msg":"\u003c*mysql.MySQLError Value\u003e","time":"2019-08-01T16:30:20+08:00"}
{"level":"warning","msg":"交易区同步失败","time":"2019-08-01T16:32:01+08:00"}
{"level":"warning","msg":"\u003c*mysql.MySQLError Value\u003e","time":"2019-08-01T16:32:01+08:00"}
{"level":"warning","msg":"交易区同步失败","time":"2019-08-01T16:32:33+08:00"}
{"level":"warning","msg":"\u003c*mysql.MySQLError Value\u003e","time":"2019-08-01T16:32:33+08:00"}
{"level":"warning","msg":"交易区同步失败","time":"2019-08-01T16:35:37+08:00"}
{"level":"warning","msg":"\u003c*mysql.MySQLError Value\u003e","time":"2019-08-01T16:35:37+08:00"}
{"level":"warning","msg":"btc：失败","time":"2019-08-01T16:37:04+08:00"}
{"level":"warning","msg":"ltc：失败","time":"2019-08-01T16:37:04+08:00"}
{"level":"warning","msg":"rss：失败","time":"2019-08-01T16:37:04+08:00"}
{"level":"warning","msg":"mcc：失败","time":"2019-08-01T16:37:04+08:00"}
{"level":"warning","msg":"eth：失败","time":"2019-08-01T16:37:04+08:00"}
{"level":"warning","msg":"fdc：失败","time":"2019-08-01T16:37:04+08:00"}
{"level":"warning","msg":"eos：失败","time":"2019-08-01T16:37:04+08:00"}
{"level":"warning","msg":"hxi：失败","time":"2019-08-01T16:37:04+08:00"}
{"level":"warning","msg":"jjf：失败","time":"2019-08-01T16:37:04+08:00"}
{"level":"warning","msg":"npc：失败","time":"2019-08-01T16:37:04+08:00"}
{"level":"warning","msg":"gts：失败","time":"2019-08-01T16:37:04+08:00"}
{"level":"warning","msg":"etc：失败","time":"2019-08-01T16:37:04+08:00"}
{"level":"warning","msg":"gthx：失败","time":"2019-08-01T16:37:04+08:00"}
{"level":"warning","msg":"bcd：失败","time":"2019-08-01T16:37:04+08:00"}
{"level":"warning","msg":"htc：失败","time":"2019-08-01T16:37:04+08:00"}
{"level":"warning","msg":"mac：失败","time":"2019-08-01T16:37:04+08:00"}
{"level":"warning","msg":"sbtc：失败","time":"2019-08-01T16:37:04+08:00"}
{"level":"warning","msg":"ubtc：失败","time":"2019-08-01T16:37:04+08:00"}
{"level":"warning","msg":"etf：失败","time":"2019-08-01T16:37:04+08:00"}
{"level":"warning","msg":"obtc：失败","time":"2019-08-01T16:37:04+08:00"}
{"level":"warning","msg":"lbtc：失败","time":"2019-08-01T16:37:04+08:00"}
{"level":"warning","msg":"bvt：失败","time":"2019-08-01T16:37:04+08:00"}
{"level":"warning","msg":"nano：失败","time":"2019-08-01T16:37:04+08:00"}
{"level":"warning","msg":"dcon：失败","time":"2019-08-01T16:37:04+08:00"}
{"level":"warning","msg":"ptoc：失败","time":"2019-08-01T16:37:04+08:00"}
{"level":"warning","msg":"obc：失败","time":"2019-08-01T16:37:04+08:00"}
{"level":"warning","msg":"kkc：失败","time":"2019-08-01T16:37:04+08:00"}
{"level":"warning","msg":"afc：失败","time":"2019-08-01T16:37:04+08:00"}
{"level":"warning","msg":"lcc：失败","time":"2019-08-01T16:37:04+08:00"}
{"level":"warning","msg":"ethms：失败","time":"2019-08-01T16:37:04+08:00"}
{"level":"warning","msg":"nbtc：失败","time":"2019-08-01T16:37:04+08:00"}
{"level":"warning","msg":"xtc：失败","time":"2019-08-01T16:37:04+08:00"}
{"level":"warning","msg":"cash：失败","time":"2019-08-01T16:37:04+08:00"}
{"level":"warning","msg":"sw：失败","time":"2019-08-01T16:37:04+08:00"}
{"level":"warning","msg":"mbt：失败","time":"2019-08-01T16:37:04+08:00"}
{"level":"warning","msg":"dob：失败","time":"2019-08-01T16:37:04+08:00"}
{"level":"warning","msg":"qaq：失败","time":"2019-08-01T16:37:04+08:00"}
{"level":"warning","msg":"en：失败","time":"2019-08-01T16:37:04+08:00"}
{"level":"warning","msg":"ctz：失败","time":"2019-08-01T16:37:04+08:00"}
{"level":"warning","msg":"read：失败","time":"2019-08-01T16:37:04+08:00"}
{"level":"warning","msg":"nrc：失败","time":"2019-08-01T16:37:04+08:00"}
{"level":"warning","msg":"ait：失败","time":"2019-08-01T16:37:04+08:00"}
{"level":"warning","msg":"bqt：失败","time":"2019-08-01T16:37:04+08:00"}
{"level":"warning","msg":"kycc：失败","time":"2019-08-01T16:37:04+08:00"}
{"level":"warning","msg":"dst：失败","time":"2019-08-01T16:37:04+08:00"}
{"level":"warning","msg":"sec：失败","time":"2019-08-01T16:37:04+08:00"}
{"level":"warning","msg":"ctzz：失败","time":"2019-08-01T16:37:04+08:00"}
{"level":"warning","msg":"pal：失败","time":"2019-08-01T16:37:04+08:00"}
{"level":"warning","msg":"jc：失败","time":"2019-08-01T16:37:04+08:00"}
{"level":"warning","msg":"ccl：失败","time":"2019-08-01T16:37:04+08:00"}
{"level":"warning","msg":"bocc：失败","time":"2019-08-01T16:37:04+08:00"}
{"level":"warning","msg":"dco：失败","time":"2019-08-01T16:37:04+08:00"}
{"level":"warning","msg":"ctm：失败","time":"2019-08-01T16:37:04+08:00"}
{"level":"warning","msg":"uenc：失败","time":"2019-08-01T16:37:04+08:00"}
{"level":"warning","msg":"zcc：失败","time":"2019-08-01T16:37:04+08:00"}
{"level":"warning","msg":"bta：失败","time":"2019-08-01T16:37:04+08:00"}
{"level":"warning","msg":"pax：失败","time":"2019-08-01T16:37:04+08:00"}
{"level":"warning","msg":"rpz：失败","time":"2019-08-01T16:37:04+08:00"}
{"level":"warning","msg":"tatatu：失败","time":"2019-08-01T16:37:04+08:00"}
{"level":"warning","msg":"mtc：失败","time":"2019-08-01T16:37:04+08:00"}
{"level":"warning","msg":"airep：失败","time":"2019-08-01T16:37:04+08:00"}
{"level":"warning","msg":"xdce：失败","time":"2019-08-01T16:37:04+08:00"}
{"level":"warning","msg":"imvr：失败","time":"2019-08-01T16:37:04+08:00"}
{"level":"warning","msg":"wicc：失败","time":"2019-08-01T16:37:04+08:00"}
{"level":"warning","msg":"gr1：失败","time":"2019-08-01T16:37:04+08:00"}
{"level":"warning","msg":"abbc：失败","time":"2019-08-01T16:37:04+08:00"}
{"level":"warning","msg":"leax：失败","time":"2019-08-01T16:37:04+08:00"}
{"level":"warning","msg":"sam：失败","time":"2019-08-01T16:37:04+08:00"}
{"level":"warning","msg":"herc：失败","time":"2019-08-01T16:37:04+08:00"}
{"level":"warning","msg":"bwt：失败","time":"2019-08-01T16:37:04+08:00"}
{"level":"warning","msg":"enc：失败","time":"2019-08-01T16:37:04+08:00"}
{"level":"warning","msg":"clo：失败","time":"2019-08-01T16:37:04+08:00"}
{"level":"warning","msg":"orbt：失败","time":"2019-08-01T16:37:04+08:00"}
{"level":"warning","msg":"stt：失败","time":"2019-08-01T16:37:04+08:00"}
{"level":"warning","msg":"xnk：失败","time":"2019-08-01T16:37:04+08:00"}
{"level":"warning","msg":"air：失败","time":"2019-08-01T16:37:04+08:00"}
{"level":"warning","msg":"odin：失败","time":"2019-08-01T16:37:04+08:00"}
{"level":"warning","msg":"sbj：失败","time":"2019-08-01T16:37:04+08:00"}
{"level":"warning","msg":"ilc：失败","time":"2019-08-01T16:37:04+08:00"}
{"level":"warning","msg":"bnow：失败","time":"2019-08-01T16:37:04+08:00"}
{"level":"warning","msg":"cbt：失败","time":"2019-08-01T16:37:04+08:00"}
{"level":"warning","msg":"ark：失败","time":"2019-08-01T16:37:04+08:00"}
{"level":"warning","msg":"tusd：失败","time":"2019-08-01T16:37:04+08:00"}
{"level":"warning","msg":"vss：失败","time":"2019-08-01T16:37:04+08:00"}
{"level":"warning","msg":"vrs：失败","time":"2019-08-01T16:37:04+08:00"}
{"level":"warning","msg":"mtcn：失败","time":"2019-08-01T16:37:04+08:00"}
{"level":"warning","msg":"scx：失败","time":"2019-08-01T16:37:04+08:00"}
{"level":"warning","msg":"inu：失败","time":"2019-08-01T16:37:04+08:00"}
{"level":"warning","msg":"cpct：失败","time":"2019-08-01T16:37:04+08:00"}
{"level":"warning","msg":"gtn：失败","time":"2019-08-01T16:37:04+08:00"}
{"level":"warning","msg":"will：失败","time":"2019-08-01T16:37:04+08:00"}
{"level":"warning","msg":"eusd：失败","time":"2019-08-01T16:37:04+08:00"}
{"level":"warning","msg":"trv：失败","time":"2019-08-01T16:37:04+08:00"}
{"level":"warning","msg":"ara：失败","time":"2019-08-01T16:37:04+08:00"}
{"level":"warning","msg":"ktn：失败","time":"2019-08-01T16:37:04+08:00"}
{"level":"warning","msg":"krx：失败","time":"2019-08-01T16:37:04+08:00"}
{"level":"warning","msg":"usdt：失败","time":"2019-08-01T16:37:04+08:00"}
{"level":"warning","msg":"aqa：失败","time":"2019-08-01T16:37:04+08:00"}
{"level":"warning","msg":"mnc：失败","time":"2019-08-01T16:37:04+08:00"}
{"level":"warning","msg":"god：失败","time":"2019-08-01T16:37:04+08:00"}
{"level":"warning","msg":"ifr：失败","time":"2019-08-01T16:37:04+08:00"}
{"level":"warning","msg":"brc：失败","time":"2019-08-01T16:37:04+08:00"}
{"level":"warning","msg":"jet：失败","time":"2019-08-01T16:37:04+08:00"}
{"level":"warning","msg":"tcor：失败","time":"2019-08-01T16:37:04+08:00"}
{"level":"warning","msg":"cjz：失败","time":"2019-08-01T16:37:04+08:00"}
{"level":"warning","msg":"abcd：失败","time":"2019-08-01T16:37:04+08:00"}
{"level":"warning","msg":"metacoin：失败","time":"2019-08-01T16:37:04+08:00"}
{"level":"warning","msg":"tol：失败","time":"2019-08-01T16:37:04+08:00"}
{"level":"warning","msg":"ret：失败","time":"2019-08-01T16:37:04+08:00"}
{"level":"warning","msg":"esh：失败","time":"2019-08-01T16:37:04+08:00"}
{"level":"warning","msg":"gg：失败","time":"2019-08-01T16:37:04+08:00"}
{"level":"warning","msg":"gold：失败","time":"2019-08-01T16:37:04+08:00"}
{"level":"warning","msg":"aora：失败","time":"2019-08-01T16:37:04+08:00"}
{"level":"warning","msg":"tagz：失败","time":"2019-08-01T16:37:04+08:00"}
{"level":"warning","msg":"xdt：失败","time":"2019-08-01T16:37:04+08:00"}
{"level":"warning","msg":"adn：失败","time":"2019-08-01T16:37:04+08:00"}
{"level":"warning","msg":"cftc：失败","time":"2019-08-01T16:37:04+08:00"}
{"level":"warning","msg":"hom：失败","time":"2019-08-01T16:37:04+08:00"}
{"level":"warning","msg":"origin：失败","time":"2019-08-01T16:37:04+08:00"}
{"level":"warning","msg":"pigx：失败","time":"2019-08-01T16:37:04+08:00"}
{"level":"warning","msg":"ebst：失败","time":"2019-08-01T16:37:04+08:00"}
{"level":"warning","msg":"mexc：失败","time":"2019-08-01T16:37:04+08:00"}
{"level":"warning","msg":"ves：失败","time":"2019-08-01T16:37:04+08:00"}
{"level":"warning","msg":"nsd：失败","time":"2019-08-01T16:37:04+08:00"}
{"level":"warning","msg":"act：失败","time":"2019-08-01T16:37:04+08:00"}
{"level":"warning","msg":"dwe：失败","time":"2019-08-01T16:37:04+08:00"}
{"level":"warning","msg":"cpms：失败","time":"2019-08-01T16:37:04+08:00"}
{"level":"warning","msg":"crypto：失败","time":"2019-08-01T16:37:04+08:00"}
{"level":"warning","msg":"ddk：失败","time":"2019-08-01T16:37:04+08:00"}
{"level":"warning","msg":"xrp：失败","time":"2019-08-01T16:37:04+08:00"}
{"level":"warning","msg":"zcl：失败","time":"2019-08-01T16:37:04+08:00"}
{"level":"warning","msg":"xlm：失败","time":"2019-08-01T16:37:04+08:00"}
{"level":"warning","msg":"kbc：失败","time":"2019-08-01T16:37:04+08:00"}
{"level":"warning","msg":"wen：失败","time":"2019-08-01T16:37:04+08:00"}
{"level":"warning","msg":"po8：失败","time":"2019-08-01T16:37:04+08:00"}
{"level":"warning","msg":"lxn：失败","time":"2019-08-01T16:37:04+08:00"}
{"level":"warning","msg":"trvc：失败","time":"2019-08-01T16:37:04+08:00"}
{"level":"warning","msg":"交易区同步失败","time":"2019-08-01T16:37:04+08:00"}
{"level":"warning","msg":"\u003c*mysql.MySQLError Value\u003e","time":"2019-08-01T16:37:04+08:00"}
{"level":"warning","msg":"交易区同步失败","time":"2019-08-01T16:39:23+08:00"}
{"level":"warning","msg":"\u003c*mysql.MySQLError Value\u003e","time":"2019-08-01T16:39:23+08:00"}
{"level":"warning","msg":"交易区同步失败","time":"2019-08-01T16:49:04+08:00"}
{"level":"warning","msg":"\u003c*mysql.MySQLError Value\u003e","time":"2019-08-01T16:49:04+08:00"}
{"level":"info","msg":"交易区同步成功","time":"2019-08-01T16:54:19+08:00"}
{"level":"info","msg":"交易区同步成功","time":"2019-08-01T16:57:12+08:00"}
{"level":"warning","msg":"\u0026{0xc00015c600 0x5c42c0 0xc000149900 \u003cnil\u003e 0xc00015af80 {{0 0} 0 0 0 0} false \u003cnil\u003e []}","time":"2019-08-01T16:58:31+08:00"}
{"level":"warning","msg":"map[BTC:1 DOB:8 ETH:2 USDT:6 btc:156 dob:191 eth:160 usdt:252]","time":"2019-08-01T16:58:31+08:00"}
{"level":"info","msg":"交易区同步成功","time":"2019-08-01T16:58:31+08:00"}
{"level":"warning","msg":"\u0026{0xc00015c600 0x5c42c0 0xc0001c5770 \u003cnil\u003e 0xc00018a2c0 {{0 0} 0 0 0 0} false \u003cnil\u003e []}","time":"2019-08-01T17:01:16+08:00"}
{"level":"warning","msg":"map[BTC:1 DOB:8 ETH:2 USDT:6 btc:156 dob:191 eth:160 usdt:252]","time":"2019-08-01T17:01:16+08:00"}
{"level":"info","msg":"交易区同步成功","time":"2019-08-01T17:01:16+08:00"}
{"level":"info","msg":"交易区同步成功","time":"2019-08-01T17:05:18+08:00"}
{"level":"info","msg":"交易区同步成功","time":"2019-08-01T17:07:37+08:00"}
{"level":"info","msg":"交易区同步成功","time":"2019-08-01T17:13:47+08:00"}
{"level":"info","msg":"交易区同步成功","time":"2019-08-01T17:17:55+08:00"}
{"level":"info","msg":"交易区：map[btc:138 dob:173 eth:142 usdt:234]","time":"2019-08-01T17:20:56+08:00"}
{"level":"info","msg":"交易区同步成功","time":"2019-08-01T17:20:56+08:00"}
{"level":"info","msg":"交易区：map[BTC:1 DOB:36 ETH:5 USDT:97]","time":"2019-08-01T17:23:50+08:00"}
{"level":"info","msg":"交易区同步成功","time":"2019-08-01T17:23:50+08:00"}
{"level":"warning","msg":"CoinFrom,CoinTo对不上","time":"2019-08-01T17:23:55+08:00"}
{"level":"warning","msg":"CoinFrom,CoinTo对不上","time":"2019-08-01T17:23:55+08:00"}
{"level":"warning","msg":"CoinFrom,CoinTo对不上","time":"2019-08-01T17:23:55+08:00"}
{"level":"warning","msg":"CoinFrom,CoinTo对不上","time":"2019-08-01T17:23:55+08:00"}
{"level":"warning","msg":"CoinFrom,CoinTo对不上","time":"2019-08-01T17:23:55+08:00"}
{"level":"warning","msg":"CoinFrom,CoinTo对不上","time":"2019-08-01T17:23:55+08:00"}
{"level":"warning","msg":"CoinFrom,CoinTo对不上","time":"2019-08-01T17:23:55+08:00"}
{"level":"warning","msg":"CoinFrom,CoinTo对不上","time":"2019-08-01T17:23:55+08:00"}
{"level":"warning","msg":"CoinFrom,CoinTo对不上","time":"2019-08-01T17:23:55+08:00"}
{"level":"warning","msg":"CoinFrom,CoinTo对不上","time":"2019-08-01T17:23:55+08:00"}
{"level":"warning","msg":"CoinFrom,CoinTo对不上","time":"2019-08-01T17:23:55+08:00"}
{"level":"warning","msg":"CoinFrom,CoinTo对不上","time":"2019-08-01T17:23:55+08:00"}
{"level":"warning","msg":"CoinFrom,CoinTo对不上","time":"2019-08-01T17:23:55+08:00"}
{"level":"warning","msg":"CoinFrom,CoinTo对不上","time":"2019-08-01T17:23:55+08:00"}
{"level":"warning","msg":"CoinFrom,CoinTo对不上","time":"2019-08-01T17:23:55+08:00"}
{"level":"warning","msg":"CoinFrom,CoinTo对不上","time":"2019-08-01T17:23:55+08:00"}
{"level":"warning","msg":"CoinFrom,CoinTo对不上","time":"2019-08-01T17:23:55+08:00"}
{"level":"warning","msg":"CoinFrom,CoinTo对不上","time":"2019-08-01T17:23:55+08:00"}
{"level":"warning","msg":"CoinFrom,CoinTo对不上","time":"2019-08-01T17:23:55+08:00"}
{"level":"warning","msg":"CoinFrom,CoinTo对不上","time":"2019-08-01T17:23:55+08:00"}
{"level":"warning","msg":"CoinFrom,CoinTo对不上","time":"2019-08-01T17:23:55+08:00"}
{"level":"warning","msg":"CoinFrom,CoinTo对不上","time":"2019-08-01T17:23:55+08:00"}
{"level":"warning","msg":"CoinFrom,CoinTo对不上","time":"2019-08-01T17:23:55+08:00"}
{"level":"warning","msg":"CoinFrom,CoinTo对不上","time":"2019-08-01T17:23:55+08:00"}
{"level":"warning","msg":"CoinFrom,CoinTo对不上","time":"2019-08-01T17:23:55+08:00"}
{"level":"warning","msg":"CoinFrom,CoinTo对不上","time":"2019-08-01T17:23:55+08:00"}
{"level":"warning","msg":"CoinFrom,CoinTo对不上","time":"2019-08-01T17:23:55+08:00"}
{"level":"warning","msg":"CoinFrom,CoinTo对不上","time":"2019-08-01T17:23:55+08:00"}
{"level":"warning","msg":"CoinFrom,CoinTo对不上","time":"2019-08-01T17:23:55+08:00"}
{"level":"warning","msg":"CoinFrom,CoinTo对不上","time":"2019-08-01T17:23:55+08:00"}
{"level":"warning","msg":"CoinFrom,CoinTo对不上","time":"2019-08-01T17:23:55+08:00"}
{"level":"warning","msg":"CoinFrom,CoinTo对不上","time":"2019-08-01T17:23:55+08:00"}
{"level":"warning","msg":"CoinFrom,CoinTo对不上","time":"2019-08-01T17:23:55+08:00"}
{"level":"warning","msg":"CoinFrom,CoinTo对不上","time":"2019-08-01T17:23:55+08:00"}
{"level":"warning","msg":"CoinFrom,CoinTo对不上","time":"2019-08-01T17:23:55+08:00"}
{"level":"warning","msg":"CoinFrom,CoinTo对不上","time":"2019-08-01T17:23:55+08:00"}
{"level":"warning","msg":"CoinFrom,CoinTo对不上","time":"2019-08-01T17:23:55+08:00"}
{"level":"warning","msg":"CoinFrom,CoinTo对不上","time":"2019-08-01T17:23:55+08:00"}
{"level":"warning","msg":"CoinFrom,CoinTo对不上","time":"2019-08-01T17:23:55+08:00"}
{"level":"warning","msg":"CoinFrom,CoinTo对不上","time":"2019-08-01T17:23:55+08:00"}
{"level":"warning","msg":"CoinFrom,CoinTo对不上","time":"2019-08-01T17:23:55+08:00"}
{"level":"warning","msg":"CoinFrom,CoinTo对不上","time":"2019-08-01T17:23:55+08:00"}
{"level":"warning","msg":"CoinFrom,CoinTo对不上","time":"2019-08-01T17:23:55+08:00"}
{"level":"warning","msg":"CoinFrom,CoinTo对不上","time":"2019-08-01T17:23:55+08:00"}
{"level":"warning","msg":"CoinFrom,CoinTo对不上","time":"2019-08-01T17:23:55+08:00"}
{"level":"warning","msg":"CoinFrom,CoinTo对不上","time":"2019-08-01T17:23:55+08:00"}
{"level":"warning","msg":"CoinFrom,CoinTo对不上","time":"2019-08-01T17:23:55+08:00"}
{"level":"warning","msg":"CoinFrom,CoinTo对不上","time":"2019-08-01T17:23:55+08:00"}
{"level":"warning","msg":"CoinFrom,CoinTo对不上","time":"2019-08-01T17:23:55+08:00"}
{"level":"warning","msg":"CoinFrom,CoinTo对不上","time":"2019-08-01T17:23:55+08:00"}
{"level":"warning","msg":"CoinFrom,CoinTo对不上","time":"2019-08-01T17:23:55+08:00"}
{"level":"warning","msg":"CoinFrom,CoinTo对不上","time":"2019-08-01T17:23:55+08:00"}
{"level":"warning","msg":"CoinFrom,CoinTo对不上","time":"2019-08-01T17:23:55+08:00"}
{"level":"warning","msg":"CoinFrom,CoinTo对不上","time":"2019-08-01T17:23:55+08:00"}
{"level":"warning","msg":"CoinFrom,CoinTo对不上","time":"2019-08-01T17:23:55+08:00"}
{"level":"warning","msg":"CoinFrom,CoinTo对不上","time":"2019-08-01T17:23:55+08:00"}
{"level":"warning","msg":"CoinFrom,CoinTo对不上","time":"2019-08-01T17:23:55+08:00"}
{"level":"warning","msg":"CoinFrom,CoinTo对不上","time":"2019-08-01T17:23:55+08:00"}
{"level":"warning","msg":"CoinFrom,CoinTo对不上","time":"2019-08-01T17:23:55+08:00"}
{"level":"warning","msg":"CoinFrom,CoinTo对不上","time":"2019-08-01T17:23:55+08:00"}
{"level":"warning","msg":"CoinFrom,CoinTo对不上","time":"2019-08-01T17:23:55+08:00"}
{"level":"warning","msg":"CoinFrom,CoinTo对不上","time":"2019-08-01T17:23:55+08:00"}
{"level":"warning","msg":"CoinFrom,CoinTo对不上","time":"2019-08-01T17:23:55+08:00"}
{"level":"warning","msg":"CoinFrom,CoinTo对不上","time":"2019-08-01T17:23:55+08:00"}
{"level":"warning","msg":"CoinFrom,CoinTo对不上","time":"2019-08-01T17:23:55+08:00"}
{"level":"warning","msg":"CoinFrom,CoinTo对不上","time":"2019-08-01T17:23:55+08:00"}
{"level":"warning","msg":"CoinFrom,CoinTo对不上","time":"2019-08-01T17:23:56+08:00"}
{"level":"warning","msg":"CoinFrom,CoinTo对不上","time":"2019-08-01T17:23:56+08:00"}
{"level":"warning","msg":"CoinFrom,CoinTo对不上","time":"2019-08-01T17:23:56+08:00"}
{"level":"warning","msg":"CoinFrom,CoinTo对不上","time":"2019-08-01T17:23:56+08:00"}
{"level":"warning","msg":"CoinFrom,CoinTo对不上","time":"2019-08-01T17:23:56+08:00"}
{"level":"warning","msg":"CoinFrom,CoinTo对不上","time":"2019-08-01T17:23:56+08:00"}
{"level":"warning","msg":"CoinFrom,CoinTo对不上","time":"2019-08-01T17:23:56+08:00"}
{"level":"warning","msg":"CoinFrom,CoinTo对不上","time":"2019-08-01T17:23:56+08:00"}
{"level":"warning","msg":"CoinFrom,CoinTo对不上","time":"2019-08-01T17:23:56+08:00"}
{"level":"warning","msg":"CoinFrom,CoinTo对不上","time":"2019-08-01T17:23:56+08:00"}
{"level":"warning","msg":"CoinFrom,CoinTo对不上","time":"2019-08-01T17:23:56+08:00"}
{"level":"warning","msg":"CoinFrom,CoinTo对不上","time":"2019-08-01T17:23:56+08:00"}
{"level":"warning","msg":"CoinFrom,CoinTo对不上","time":"2019-08-01T17:23:56+08:00"}
{"level":"warning","msg":"CoinFrom,CoinTo对不上","time":"2019-08-01T17:23:56+08:00"}
{"level":"warning","msg":"CoinFrom,CoinTo对不上","time":"2019-08-01T17:23:56+08:00"}
{"level":"warning","msg":"CoinFrom,CoinTo对不上","time":"2019-08-01T17:23:56+08:00"}
{"level":"warning","msg":"CoinFrom,CoinTo对不上","time":"2019-08-01T17:23:56+08:00"}
{"level":"warning","msg":"CoinFrom,CoinTo对不上","time":"2019-08-01T17:23:56+08:00"}
{"level":"warning","msg":"CoinFrom,CoinTo对不上","time":"2019-08-01T17:23:56+08:00"}
{"level":"warning","msg":"CoinFrom,CoinTo对不上","time":"2019-08-01T17:23:56+08:00"}
{"level":"warning","msg":"CoinFrom,CoinTo对不上","time":"2019-08-01T17:23:56+08:00"}
{"level":"warning","msg":"CoinFrom,CoinTo对不上","time":"2019-08-01T17:23:56+08:00"}
{"level":"warning","msg":"CoinFrom,CoinTo对不上","time":"2019-08-01T17:23:56+08:00"}
{"level":"warning","msg":"CoinFrom,CoinTo对不上","time":"2019-08-01T17:23:56+08:00"}
{"level":"warning","msg":"CoinFrom,CoinTo对不上","time":"2019-08-01T17:23:56+08:00"}
{"level":"warning","msg":"CoinFrom,CoinTo对不上","time":"2019-08-01T17:23:56+08:00"}
{"level":"warning","msg":"CoinFrom,CoinTo对不上","time":"2019-08-01T17:23:56+08:00"}
{"level":"warning","msg":"CoinFrom,CoinTo对不上","time":"2019-08-01T17:23:56+08:00"}
{"level":"warning","msg":"CoinFrom,CoinTo对不上","time":"2019-08-01T17:23:56+08:00"}
{"level":"warning","msg":"CoinFrom,CoinTo对不上","time":"2019-08-01T17:23:56+08:00"}
{"level":"warning","msg":"CoinFrom,CoinTo对不上","time":"2019-08-01T17:23:56+08:00"}
{"level":"warning","msg":"CoinFrom,CoinTo对不上","time":"2019-08-01T17:23:56+08:00"}
{"level":"warning","msg":"CoinFrom,CoinTo对不上","time":"2019-08-01T17:23:56+08:00"}
{"level":"warning","msg":"CoinFrom,CoinTo对不上","time":"2019-08-01T17:23:56+08:00"}
{"level":"warning","msg":"CoinFrom,CoinTo对不上","time":"2019-08-01T17:23:56+08:00"}
{"level":"warning","msg":"CoinFrom,CoinTo对不上","time":"2019-08-01T17:23:56+08:00"}
{"level":"warning","msg":"CoinFrom,CoinTo对不上","time":"2019-08-01T17:23:56+08:00"}
{"level":"warning","msg":"CoinFrom,CoinTo对不上","time":"2019-08-01T17:23:56+08:00"}
{"level":"warning","msg":"CoinFrom,CoinTo对不上","time":"2019-08-01T17:23:56+08:00"}
{"level":"warning","msg":"CoinFrom,CoinTo对不上","time":"2019-08-01T17:23:56+08:00"}
{"level":"warning","msg":"CoinFrom,CoinTo对不上","time":"2019-08-01T17:23:56+08:00"}
{"level":"warning","msg":"CoinFrom,CoinTo对不上","time":"2019-08-01T17:23:56+08:00"}
{"level":"warning","msg":"CoinFrom,CoinTo对不上","time":"2019-08-01T17:23:56+08:00"}
{"level":"warning","msg":"CoinFrom,CoinTo对不上","time":"2019-08-01T17:23:56+08:00"}
{"level":"warning","msg":"CoinFrom,CoinTo对不上","time":"2019-08-01T17:23:56+08:00"}
{"level":"warning","msg":"CoinFrom,CoinTo对不上","time":"2019-08-01T17:23:56+08:00"}
{"level":"warning","msg":"CoinFrom,CoinTo对不上","time":"2019-08-01T17:23:56+08:00"}
{"level":"warning","msg":"CoinFrom,CoinTo对不上","time":"2019-08-01T17:23:56+08:00"}
{"level":"warning","msg":"CoinFrom,CoinTo对不上","time":"2019-08-01T17:23:56+08:00"}
{"level":"warning","msg":"CoinFrom,CoinTo对不上","time":"2019-08-01T17:23:56+08:00"}
{"level":"warning","msg":"CoinFrom,CoinTo对不上","time":"2019-08-01T17:23:56+08:00"}
{"level":"warning","msg":"CoinFrom,CoinTo对不上","time":"2019-08-01T17:23:56+08:00"}
{"level":"warning","msg":"CoinFrom,CoinTo对不上","time":"2019-08-01T17:23:56+08:00"}
{"level":"warning","msg":"CoinFrom,CoinTo对不上","time":"2019-08-01T17:23:56+08:00"}
{"level":"warning","msg":"CoinFrom,CoinTo对不上","time":"2019-08-01T17:23:56+08:00"}
{"level":"warning","msg":"CoinFrom,CoinTo对不上","time":"2019-08-01T17:23:56+08:00"}
{"level":"warning","msg":"CoinFrom,CoinTo对不上","time":"2019-08-01T17:23:56+08:00"}
{"level":"warning","msg":"CoinFrom,CoinTo对不上","time":"2019-08-01T17:23:56+08:00"}
{"level":"warning","msg":"CoinFrom,CoinTo对不上","time":"2019-08-01T17:23:56+08:00"}
{"level":"warning","msg":"CoinFrom,CoinTo对不上","time":"2019-08-01T17:23:56+08:00"}
{"level":"warning","msg":"CoinFrom,CoinTo对不上","time":"2019-08-01T17:23:56+08:00"}
{"level":"warning","msg":"CoinFrom,CoinTo对不上","time":"2019-08-01T17:23:56+08:00"}
{"level":"warning","msg":"CoinFrom,CoinTo对不上","time":"2019-08-01T17:23:56+08:00"}
{"level":"warning","msg":"CoinFrom,CoinTo对不上","time":"2019-08-01T17:23:56+08:00"}
{"level":"warning","msg":"CoinFrom,CoinTo对不上","time":"2019-08-01T17:23:56+08:00"}
{"level":"warning","msg":"CoinFrom,CoinTo对不上","time":"2019-08-01T17:23:56+08:00"}
{"level":"warning","msg":"CoinFrom,CoinTo对不上","time":"2019-08-01T17:23:56+08:00"}
{"level":"warning","msg":"CoinFrom,CoinTo对不上","time":"2019-08-01T17:23:56+08:00"}
{"level":"warning","msg":"CoinFrom,CoinTo对不上","time":"2019-08-01T17:23:56+08:00"}
{"level":"warning","msg":"CoinFrom,CoinTo对不上","time":"2019-08-01T17:23:56+08:00"}
{"level":"warning","msg":"CoinFrom,CoinTo对不上","time":"2019-08-01T17:23:57+08:00"}
{"level":"warning","msg":"CoinFrom,CoinTo对不上","time":"2019-08-01T17:23:57+08:00"}
{"level":"warning","msg":"CoinFrom,CoinTo对不上","time":"2019-08-01T17:23:57+08:00"}
{"level":"warning","msg":"CoinFrom,CoinTo对不上","time":"2019-08-01T17:23:57+08:00"}
{"level":"warning","msg":"CoinFrom,CoinTo对不上","time":"2019-08-01T17:23:57+08:00"}
{"level":"warning","msg":"CoinFrom,CoinTo对不上","time":"2019-08-01T17:23:57+08:00"}
{"level":"warning","msg":"CoinFrom,CoinTo对不上","time":"2019-08-01T17:23:57+08:00"}
{"level":"warning","msg":"CoinFrom,CoinTo对不上","time":"2019-08-01T17:23:57+08:00"}
{"level":"warning","msg":"CoinFrom,CoinTo对不上","time":"2019-08-01T17:23:57+08:00"}
{"level":"warning","msg":"CoinFrom,CoinTo对不上","time":"2019-08-01T17:23:57+08:00"}
{"level":"warning","msg":"CoinFrom,CoinTo对不上","time":"2019-08-01T17:23:57+08:00"}
{"level":"warning","msg":"CoinFrom,CoinTo对不上","time":"2019-08-01T17:23:57+08:00"}
{"level":"warning","msg":"CoinFrom,CoinTo对不上","time":"2019-08-01T17:23:57+08:00"}
{"level":"warning","msg":"CoinFrom,CoinTo对不上","time":"2019-08-01T17:23:57+08:00"}
{"level":"warning","msg":"CoinFrom,CoinTo对不上","time":"2019-08-01T17:23:57+08:00"}
{"level":"warning","msg":"CoinFrom,CoinTo对不上","time":"2019-08-01T17:23:57+08:00"}
{"level":"warning","msg":"CoinFrom,CoinTo对不上","time":"2019-08-01T17:23:57+08:00"}
{"level":"warning","msg":"CoinFrom,CoinTo对不上","time":"2019-08-01T17:23:57+08:00"}
{"level":"warning","msg":"CoinFrom,CoinTo对不上","time":"2019-08-01T17:23:57+08:00"}
{"level":"warning","msg":"CoinFrom,CoinTo对不上","time":"2019-08-01T17:23:57+08:00"}
{"level":"warning","msg":"CoinFrom,CoinTo对不上","time":"2019-08-01T17:23:57+08:00"}
{"level":"warning","msg":"CoinFrom,CoinTo对不上","time":"2019-08-01T17:23:57+08:00"}
{"level":"warning","msg":"CoinFrom,CoinTo对不上","time":"2019-08-01T17:23:57+08:00"}
{"level":"warning","msg":"CoinFrom,CoinTo对不上","time":"2019-08-01T17:23:57+08:00"}
{"level":"warning","msg":"CoinFrom,CoinTo对不上","time":"2019-08-01T17:23:57+08:00"}
{"level":"warning","msg":"CoinFrom,CoinTo对不上","time":"2019-08-01T17:23:57+08:00"}
{"level":"warning","msg":"CoinFrom,CoinTo对不上","time":"2019-08-01T17:23:57+08:00"}
{"level":"warning","msg":"CoinFrom,CoinTo对不上","time":"2019-08-01T17:23:57+08:00"}
{"level":"warning","msg":"CoinFrom,CoinTo对不上","time":"2019-08-01T17:23:57+08:00"}
{"level":"warning","msg":"CoinFrom,CoinTo对不上","time":"2019-08-01T17:23:57+08:00"}
{"level":"warning","msg":"CoinFrom,CoinTo对不上","time":"2019-08-01T17:23:57+08:00"}
{"level":"warning","msg":"CoinFrom,CoinTo对不上","time":"2019-08-01T17:23:57+08:00"}
{"level":"warning","msg":"CoinFrom,CoinTo对不上","time":"2019-08-01T17:23:57+08:00"}
{"level":"warning","msg":"CoinFrom,CoinTo对不上","time":"2019-08-01T17:23:57+08:00"}
{"level":"warning","msg":"CoinFrom,CoinTo对不上","time":"2019-08-01T17:23:57+08:00"}
{"level":"warning","msg":"CoinFrom,CoinTo对不上","time":"2019-08-01T17:23:57+08:00"}
{"level":"warning","msg":"CoinFrom,CoinTo对不上","time":"2019-08-01T17:23:57+08:00"}
{"level":"warning","msg":"CoinFrom,CoinTo对不上","time":"2019-08-01T17:23:57+08:00"}
{"level":"warning","msg":"CoinFrom,CoinTo对不上","time":"2019-08-01T17:23:57+08:00"}
{"level":"warning","msg":"CoinFrom,CoinTo对不上","time":"2019-08-01T17:23:57+08:00"}
{"level":"warning","msg":"CoinFrom,CoinTo对不上","time":"2019-08-01T17:23:57+08:00"}
{"level":"warning","msg":"CoinFrom,CoinTo对不上","time":"2019-08-01T17:23:57+08:00"}
{"level":"warning","msg":"CoinFrom,CoinTo对不上","time":"2019-08-01T17:23:57+08:00"}
{"level":"warning","msg":"CoinFrom,CoinTo对不上","time":"2019-08-01T17:23:57+08:00"}
{"level":"warning","msg":"CoinFrom,CoinTo对不上","time":"2019-08-01T17:23:57+08:00"}
{"level":"warning","msg":"CoinFrom,CoinTo对不上","time":"2019-08-01T17:23:57+08:00"}
{"level":"warning","msg":"CoinFrom,CoinTo对不上","time":"2019-08-01T17:23:57+08:00"}
{"level":"warning","msg":"CoinFrom,CoinTo对不上","time":"2019-08-01T17:23:57+08:00"}
{"level":"warning","msg":"CoinFrom,CoinTo对不上","time":"2019-08-01T17:23:57+08:00"}
{"level":"warning","msg":"CoinFrom,CoinTo对不上","time":"2019-08-01T17:23:57+08:00"}
{"level":"warning","msg":"CoinFrom,CoinTo对不上","time":"2019-08-01T17:23:57+08:00"}
{"level":"warning","msg":"CoinFrom,CoinTo对不上","time":"2019-08-01T17:23:57+08:00"}
{"level":"warning","msg":"CoinFrom,CoinTo对不上","time":"2019-08-01T17:23:57+08:00"}
{"level":"warning","msg":"CoinFrom,CoinTo对不上","time":"2019-08-01T17:23:57+08:00"}
{"level":"warning","msg":"CoinFrom,CoinTo对不上","time":"2019-08-01T17:23:57+08:00"}
{"level":"warning","msg":"CoinFrom,CoinTo对不上","time":"2019-08-01T17:23:57+08:00"}
{"level":"warning","msg":"CoinFrom,CoinTo对不上","time":"2019-08-01T17:23:57+08:00"}
{"level":"warning","msg":"CoinFrom,CoinTo对不上","time":"2019-08-01T17:23:57+08:00"}
{"level":"warning","msg":"CoinFrom,CoinTo对不上","time":"2019-08-01T17:23:57+08:00"}
{"level":"warning","msg":"CoinFrom,CoinTo对不上","time":"2019-08-01T17:23:57+08:00"}
{"level":"warning","msg":"CoinFrom,CoinTo对不上","time":"2019-08-01T17:23:57+08:00"}
{"level":"warning","msg":"CoinFrom,CoinTo对不上","time":"2019-08-01T17:23:57+08:00"}
{"level":"warning","msg":"CoinFrom,CoinTo对不上","time":"2019-08-01T17:23:57+08:00"}
{"level":"warning","msg":"CoinFrom,CoinTo对不上","time":"2019-08-01T17:23:57+08:00"}
{"level":"warning","msg":"CoinFrom,CoinTo对不上","time":"2019-08-01T17:23:58+08:00"}
{"level":"warning","msg":"CoinFrom,CoinTo对不上","time":"2019-08-01T17:23:58+08:00"}
{"level":"warning","msg":"CoinFrom,CoinTo对不上","time":"2019-08-01T17:23:58+08:00"}
{"level":"warning","msg":"CoinFrom,CoinTo对不上","time":"2019-08-01T17:23:58+08:00"}
{"level":"warning","msg":"CoinFrom,CoinTo对不上","time":"2019-08-01T17:23:58+08:00"}
{"level":"warning","msg":"CoinFrom,CoinTo对不上","time":"2019-08-01T17:23:58+08:00"}
{"level":"warning","msg":"CoinFrom,CoinTo对不上","time":"2019-08-01T17:23:58+08:00"}
{"level":"warning","msg":"CoinFrom,CoinTo对不上","time":"2019-08-01T17:23:58+08:00"}
{"level":"warning","msg":"CoinFrom,CoinTo对不上","time":"2019-08-01T17:23:58+08:00"}
{"level":"warning","msg":"CoinFrom,CoinTo对不上","time":"2019-08-01T17:23:58+08:00"}
{"level":"warning","msg":"CoinFrom,CoinTo对不上","time":"2019-08-01T17:23:58+08:00"}
{"level":"warning","msg":"CoinFrom,CoinTo对不上","time":"2019-08-01T17:23:58+08:00"}
{"level":"warning","msg":"CoinFrom,CoinTo对不上","time":"2019-08-01T17:23:58+08:00"}
{"level":"warning","msg":"CoinFrom,CoinTo对不上","time":"2019-08-01T17:23:58+08:00"}
{"level":"warning","msg":"CoinFrom,CoinTo对不上","time":"2019-08-01T17:23:58+08:00"}
{"level":"warning","msg":"CoinFrom,CoinTo对不上","time":"2019-08-01T17:23:58+08:00"}
{"level":"warning","msg":"CoinFrom,CoinTo对不上","time":"2019-08-01T17:23:58+08:00"}
{"level":"warning","msg":"CoinFrom,CoinTo对不上","time":"2019-08-01T17:23:58+08:00"}
{"level":"warning","msg":"CoinFrom,CoinTo对不上","time":"2019-08-01T17:23:58+08:00"}
{"level":"warning","msg":"CoinFrom,CoinTo对不上","time":"2019-08-01T17:23:58+08:00"}
{"level":"warning","msg":"CoinFrom,CoinTo对不上","time":"2019-08-01T17:23:58+08:00"}
{"level":"warning","msg":"CoinFrom,CoinTo对不上","time":"2019-08-01T17:23:58+08:00"}
{"level":"warning","msg":"CoinFrom,CoinTo对不上","time":"2019-08-01T17:23:58+08:00"}
{"level":"warning","msg":"CoinFrom,CoinTo对不上","time":"2019-08-01T17:23:58+08:00"}
{"level":"warning","msg":"CoinFrom,CoinTo对不上","time":"2019-08-01T17:23:58+08:00"}
{"level":"warning","msg":"CoinFrom,CoinTo对不上","time":"2019-08-01T17:23:58+08:00"}
{"level":"warning","msg":"CoinFrom,CoinTo对不上","time":"2019-08-01T17:23:58+08:00"}
{"level":"warning","msg":"CoinFrom,CoinTo对不上","time":"2019-08-01T17:23:58+08:00"}
{"level":"warning","msg":"CoinFrom,CoinTo对不上","time":"2019-08-01T17:23:58+08:00"}
{"level":"warning","msg":"CoinFrom,CoinTo对不上","time":"2019-08-01T17:23:58+08:00"}
{"level":"warning","msg":"CoinFrom,CoinTo对不上","time":"2019-08-01T17:23:58+08:00"}
{"level":"warning","msg":"CoinFrom,CoinTo对不上","time":"2019-08-01T17:23:58+08:00"}
{"level":"warning","msg":"CoinFrom,CoinTo对不上","time":"2019-08-01T17:23:58+08:00"}
{"level":"warning","msg":"CoinFrom,CoinTo对不上","time":"2019-08-01T17:23:58+08:00"}
{"level":"warning","msg":"CoinFrom,CoinTo对不上","time":"2019-08-01T17:23:58+08:00"}
{"level":"warning","msg":"CoinFrom,CoinTo对不上","time":"2019-08-01T17:23:58+08:00"}
{"level":"warning","msg":"CoinFrom,CoinTo对不上","time":"2019-08-01T17:23:58+08:00"}
{"level":"warning","msg":"CoinFrom,CoinTo对不上","time":"2019-08-01T17:23:58+08:00"}
{"level":"warning","msg":"CoinFrom,CoinTo对不上","time":"2019-08-01T17:23:58+08:00"}
{"level":"warning","msg":"CoinFrom,CoinTo对不上","time":"2019-08-01T17:23:58+08:00"}
{"level":"warning","msg":"CoinFrom,CoinTo对不上","time":"2019-08-01T17:23:58+08:00"}
{"level":"warning","msg":"CoinFrom,CoinTo对不上","time":"2019-08-01T17:23:58+08:00"}
{"level":"warning","msg":"CoinFrom,CoinTo对不上","time":"2019-08-01T17:23:58+08:00"}
{"level":"warning","msg":"CoinFrom,CoinTo对不上","time":"2019-08-01T17:23:58+08:00"}
{"level":"warning","msg":"CoinFrom,CoinTo对不上","time":"2019-08-01T17:23:58+08:00"}
{"level":"warning","msg":"CoinFrom,CoinTo对不上","time":"2019-08-01T17:23:58+08:00"}
{"level":"warning","msg":"CoinFrom,CoinTo对不上","time":"2019-08-01T17:23:58+08:00"}
{"level":"warning","msg":"CoinFrom,CoinTo对不上","time":"2019-08-01T17:23:58+08:00"}
{"level":"warning","msg":"CoinFrom,CoinTo对不上","time":"2019-08-01T17:23:58+08:00"}
{"level":"warning","msg":"CoinFrom,CoinTo对不上","time":"2019-08-01T17:23:58+08:00"}
{"level":"warning","msg":"CoinFrom,CoinTo对不上","time":"2019-08-01T17:23:58+08:00"}
{"level":"warning","msg":"CoinFrom,CoinTo对不上","time":"2019-08-01T17:23:58+08:00"}
{"level":"warning","msg":"CoinFrom,CoinTo对不上","time":"2019-08-01T17:23:58+08:00"}
{"level":"warning","msg":"CoinFrom,CoinTo对不上","time":"2019-08-01T17:23:58+08:00"}
{"level":"warning","msg":"CoinFrom,CoinTo对不上","time":"2019-08-01T17:23:58+08:00"}
{"level":"warning","msg":"CoinFrom,CoinTo对不上","time":"2019-08-01T17:23:58+08:00"}
{"level":"warning","msg":"CoinFrom,CoinTo对不上","time":"2019-08-01T17:23:58+08:00"}
{"level":"warning","msg":"CoinFrom,CoinTo对不上","time":"2019-08-01T17:23:58+08:00"}
{"level":"warning","msg":"CoinFrom,CoinTo对不上","time":"2019-08-01T17:23:58+08:00"}
{"level":"warning","msg":"CoinFrom,CoinTo对不上","time":"2019-08-01T17:23:58+08:00"}
{"level":"warning","msg":"CoinFrom,CoinTo对不上","time":"2019-08-01T17:23:58+08:00"}
{"level":"warning","msg":"CoinFrom,CoinTo对不上","time":"2019-08-01T17:23:58+08:00"}
{"level":"warning","msg":"CoinFrom,CoinTo对不上","time":"2019-08-01T17:23:58+08:00"}
{"level":"warning","msg":"CoinFrom,CoinTo对不上","time":"2019-08-01T17:23:58+08:00"}
{"level":"warning","msg":"CoinFrom,CoinTo对不上","time":"2019-08-01T17:23:58+08:00"}
{"level":"warning","msg":"CoinFrom,CoinTo对不上","time":"2019-08-01T17:23:58+08:00"}
{"level":"warning","msg":"CoinFrom,CoinTo对不上","time":"2019-08-01T17:23:58+08:00"}
{"level":"warning","msg":"CoinFrom,CoinTo对不上","time":"2019-08-01T17:23:58+08:00"}
{"level":"warning","msg":"CoinFrom,CoinTo对不上","time":"2019-08-01T17:23:59+08:00"}
{"level":"warning","msg":"CoinFrom,CoinTo对不上","time":"2019-08-01T17:23:59+08:00"}
{"level":"warning","msg":"CoinFrom,CoinTo对不上","time":"2019-08-01T17:23:59+08:00"}
{"level":"warning","msg":"CoinFrom,CoinTo对不上","time":"2019-08-01T17:23:59+08:00"}
{"level":"warning","msg":"CoinFrom,CoinTo对不上","time":"2019-08-01T17:23:59+08:00"}
{"level":"warning","msg":"CoinFrom,CoinTo对不上","time":"2019-08-01T17:23:59+08:00"}
{"level":"warning","msg":"CoinFrom,CoinTo对不上","time":"2019-08-01T17:23:59+08:00"}
{"level":"warning","msg":"CoinFrom,CoinTo对不上","time":"2019-08-01T17:23:59+08:00"}
{"level":"warning","msg":"CoinFrom,CoinTo对不上","time":"2019-08-01T17:23:59+08:00"}
{"level":"warning","msg":"CoinFrom,CoinTo对不上","time":"2019-08-01T17:23:59+08:00"}
{"level":"warning","msg":"CoinFrom,CoinTo对不上","time":"2019-08-01T17:23:59+08:00"}
{"level":"warning","msg":"CoinFrom,CoinTo对不上","time":"2019-08-01T17:23:59+08:00"}
{"level":"warning","msg":"CoinFrom,CoinTo对不上","time":"2019-08-01T17:23:59+08:00"}
{"level":"warning","msg":"CoinFrom,CoinTo对不上","time":"2019-08-01T17:23:59+08:00"}
{"level":"warning","msg":"CoinFrom,CoinTo对不上","time":"2019-08-01T17:23:59+08:00"}
{"level":"warning","msg":"CoinFrom,CoinTo对不上","time":"2019-08-01T17:23:59+08:00"}
{"level":"warning","msg":"CoinFrom,CoinTo对不上","time":"2019-08-01T17:23:59+08:00"}
{"level":"warning","msg":"CoinFrom,CoinTo对不上","time":"2019-08-01T17:23:59+08:00"}
{"level":"warning","msg":"CoinFrom,CoinTo对不上","time":"2019-08-01T17:23:59+08:00"}
{"level":"warning","msg":"CoinFrom,CoinTo对不上","time":"2019-08-01T17:23:59+08:00"}
{"level":"warning","msg":"CoinFrom,CoinTo对不上","time":"2019-08-01T17:23:59+08:00"}
{"level":"warning","msg":"CoinFrom,CoinTo对不上","time":"2019-08-01T17:23:59+08:00"}
{"level":"warning","msg":"CoinFrom,CoinTo对不上","time":"2019-08-01T17:23:59+08:00"}
{"level":"warning","msg":"CoinFrom,CoinTo对不上","time":"2019-08-01T17:23:59+08:00"}
{"level":"warning","msg":"CoinFrom,CoinTo对不上","time":"2019-08-01T17:23:59+08:00"}
{"level":"warning","msg":"CoinFrom,CoinTo对不上","time":"2019-08-01T17:23:59+08:00"}
{"level":"warning","msg":"CoinFrom,CoinTo对不上","time":"2019-08-01T17:23:59+08:00"}
{"level":"warning","msg":"CoinFrom,CoinTo对不上","time":"2019-08-01T17:23:59+08:00"}
{"level":"warning","msg":"CoinFrom,CoinTo对不上","time":"2019-08-01T17:23:59+08:00"}
{"level":"warning","msg":"CoinFrom,CoinTo对不上","time":"2019-08-01T17:23:59+08:00"}
{"level":"warning","msg":"CoinFrom,CoinTo对不上","time":"2019-08-01T17:23:59+08:00"}
{"level":"warning","msg":"CoinFrom,CoinTo对不上","time":"2019-08-01T17:23:59+08:00"}
{"level":"warning","msg":"CoinFrom,CoinTo对不上","time":"2019-08-01T17:23:59+08:00"}
{"level":"warning","msg":"CoinFrom,CoinTo对不上","time":"2019-08-01T17:23:59+08:00"}
{"level":"warning","msg":"CoinFrom,CoinTo对不上","time":"2019-08-01T17:23:59+08:00"}
{"level":"warning","msg":"CoinFrom,CoinTo对不上","time":"2019-08-01T17:23:59+08:00"}
{"level":"warning","msg":"CoinFrom,CoinTo对不上","time":"2019-08-01T17:23:59+08:00"}
{"level":"warning","msg":"CoinFrom,CoinTo对不上","time":"2019-08-01T17:23:59+08:00"}
{"level":"warning","msg":"CoinFrom,CoinTo对不上","time":"2019-08-01T17:23:59+08:00"}
{"level":"warning","msg":"CoinFrom,CoinTo对不上","time":"2019-08-01T17:23:59+08:00"}
{"level":"warning","msg":"CoinFrom,CoinTo对不上","time":"2019-08-01T17:23:59+08:00"}
{"level":"warning","msg":"CoinFrom,CoinTo对不上","time":"2019-08-01T17:23:59+08:00"}
{"level":"warning","msg":"CoinFrom,CoinTo对不上","time":"2019-08-01T17:23:59+08:00"}
{"level":"warning","msg":"CoinFrom,CoinTo对不上","time":"2019-08-01T17:23:59+08:00"}
{"level":"warning","msg":"CoinFrom,CoinTo对不上","time":"2019-08-01T17:23:59+08:00"}
{"level":"warning","msg":"CoinFrom,CoinTo对不上","time":"2019-08-01T17:23:59+08:00"}
{"level":"warning","msg":"CoinFrom,CoinTo对不上","time":"2019-08-01T17:23:59+08:00"}
{"level":"warning","msg":"CoinFrom,CoinTo对不上","time":"2019-08-01T17:23:59+08:00"}
{"level":"warning","msg":"CoinFrom,CoinTo对不上","time":"2019-08-01T17:23:59+08:00"}
{"level":"warning","msg":"CoinFrom,CoinTo对不上","time":"2019-08-01T17:23:59+08:00"}
{"level":"warning","msg":"CoinFrom,CoinTo对不上","time":"2019-08-01T17:23:59+08:00"}
{"level":"warning","msg":"CoinFrom,CoinTo对不上","time":"2019-08-01T17:23:59+08:00"}
{"level":"warning","msg":"CoinFrom,CoinTo对不上","time":"2019-08-01T17:23:59+08:00"}
{"level":"warning","msg":"CoinFrom,CoinTo对不上","time":"2019-08-01T17:23:59+08:00"}
{"level":"warning","msg":"CoinFrom,CoinTo对不上","time":"2019-08-01T17:23:59+08:00"}
{"level":"warning","msg":"CoinFrom,CoinTo对不上","time":"2019-08-01T17:23:59+08:00"}
{"level":"warning","msg":"CoinFrom,CoinTo对不上","time":"2019-08-01T17:23:59+08:00"}
{"level":"warning","msg":"CoinFrom,CoinTo对不上","time":"2019-08-01T17:23:59+08:00"}
{"level":"warning","msg":"CoinFrom,CoinTo对不上","time":"2019-08-01T17:23:59+08:00"}
{"level":"warning","msg":"CoinFrom,CoinTo对不上","time":"2019-08-01T17:23:59+08:00"}
{"level":"warning","msg":"CoinFrom,CoinTo对不上","time":"2019-08-01T17:23:59+08:00"}
{"level":"warning","msg":"CoinFrom,CoinTo对不上","time":"2019-08-01T17:23:59+08:00"}
{"level":"warning","msg":"CoinFrom,CoinTo对不上","time":"2019-08-01T17:24:00+08:00"}
{"level":"warning","msg":"CoinFrom,CoinTo对不上","time":"2019-08-01T17:24:00+08:00"}
{"level":"warning","msg":"CoinFrom,CoinTo对不上","time":"2019-08-01T17:24:00+08:00"}
{"level":"warning","msg":"CoinFrom,CoinTo对不上","time":"2019-08-01T17:24:00+08:00"}
{"level":"warning","msg":"CoinFrom,CoinTo对不上","time":"2019-08-01T17:24:00+08:00"}
{"level":"warning","msg":"CoinFrom,CoinTo对不上","time":"2019-08-01T17:24:00+08:00"}
{"level":"warning","msg":"CoinFrom,CoinTo对不上","time":"2019-08-01T17:24:00+08:00"}
{"level":"warning","msg":"CoinFrom,CoinTo对不上","time":"2019-08-01T17:24:00+08:00"}
{"level":"warning","msg":"CoinFrom,CoinTo对不上","time":"2019-08-01T17:24:00+08:00"}
{"level":"warning","msg":"CoinFrom,CoinTo对不上","time":"2019-08-01T17:24:00+08:00"}
{"level":"warning","msg":"CoinFrom,CoinTo对不上","time":"2019-08-01T17:24:00+08:00"}
{"level":"warning","msg":"CoinFrom,CoinTo对不上","time":"2019-08-01T17:24:00+08:00"}
{"level":"warning","msg":"CoinFrom,CoinTo对不上","time":"2019-08-01T17:24:00+08:00"}
{"level":"warning","msg":"CoinFrom,CoinTo对不上","time":"2019-08-01T17:24:00+08:00"}
{"level":"warning","msg":"CoinFrom,CoinTo对不上","time":"2019-08-01T17:24:00+08:00"}
{"level":"warning","msg":"CoinFrom,CoinTo对不上","time":"2019-08-01T17:24:00+08:00"}
{"level":"warning","msg":"CoinFrom,CoinTo对不上","time":"2019-08-01T17:24:00+08:00"}
{"level":"warning","msg":"CoinFrom,CoinTo对不上","time":"2019-08-01T17:24:00+08:00"}
{"level":"warning","msg":"CoinFrom,CoinTo对不上","time":"2019-08-01T17:24:00+08:00"}
{"level":"warning","msg":"CoinFrom,CoinTo对不上","time":"2019-08-01T17:24:00+08:00"}
{"level":"warning","msg":"CoinFrom,CoinTo对不上","time":"2019-08-01T17:24:00+08:00"}
{"level":"warning","msg":"CoinFrom,CoinTo对不上","time":"2019-08-01T17:24:00+08:00"}
{"level":"warning","msg":"CoinFrom,CoinTo对不上","time":"2019-08-01T17:24:00+08:00"}
{"level":"warning","msg":"CoinFrom,CoinTo对不上","time":"2019-08-01T17:24:00+08:00"}
{"level":"warning","msg":"CoinFrom,CoinTo对不上","time":"2019-08-01T17:24:00+08:00"}
{"level":"warning","msg":"CoinFrom,CoinTo对不上","time":"2019-08-01T17:24:00+08:00"}
{"level":"warning","msg":"CoinFrom,CoinTo对不上","time":"2019-08-01T17:24:00+08:00"}
{"level":"warning","msg":"CoinFrom,CoinTo对不上","time":"2019-08-01T17:24:00+08:00"}
{"level":"warning","msg":"CoinFrom,CoinTo对不上","time":"2019-08-01T17:24:00+08:00"}
{"level":"warning","msg":"CoinFrom,CoinTo对不上","time":"2019-08-01T17:24:00+08:00"}
{"level":"warning","msg":"CoinFrom,CoinTo对不上","time":"2019-08-01T17:24:00+08:00"}
{"level":"warning","msg":"CoinFrom,CoinTo对不上","time":"2019-08-01T17:24:00+08:00"}
{"level":"warning","msg":"CoinFrom,CoinTo对不上","time":"2019-08-01T17:24:00+08:00"}
{"level":"warning","msg":"CoinFrom,CoinTo对不上","time":"2019-08-01T17:24:00+08:00"}
{"level":"warning","msg":"CoinFrom,CoinTo对不上","time":"2019-08-01T17:24:00+08:00"}
{"level":"warning","msg":"CoinFrom,CoinTo对不上","time":"2019-08-01T17:24:00+08:00"}
{"level":"warning","msg":"CoinFrom,CoinTo对不上","time":"2019-08-01T17:24:00+08:00"}
{"level":"warning","msg":"CoinFrom,CoinTo对不上","time":"2019-08-01T17:24:00+08:00"}
{"level":"warning","msg":"CoinFrom,CoinTo对不上","time":"2019-08-01T17:24:00+08:00"}
{"level":"warning","msg":"CoinFrom,CoinTo对不上","time":"2019-08-01T17:24:00+08:00"}
{"level":"warning","msg":"CoinFrom,CoinTo对不上","time":"2019-08-01T17:24:00+08:00"}
{"level":"warning","msg":"CoinFrom,CoinTo对不上","time":"2019-08-01T17:24:00+08:00"}
{"level":"warning","msg":"CoinFrom,CoinTo对不上","time":"2019-08-01T17:24:00+08:00"}
{"level":"warning","msg":"CoinFrom,CoinTo对不上","time":"2019-08-01T17:24:00+08:00"}
{"level":"warning","msg":"CoinFrom,CoinTo对不上","time":"2019-08-01T17:24:00+08:00"}
{"level":"warning","msg":"CoinFrom,CoinTo对不上","time":"2019-08-01T17:24:00+08:00"}
{"level":"warning","msg":"CoinFrom,CoinTo对不上","time":"2019-08-01T17:24:00+08:00"}
{"level":"warning","msg":"CoinFrom,CoinTo对不上","time":"2019-08-01T17:24:00+08:00"}
{"level":"warning","msg":"CoinFrom,CoinTo对不上","time":"2019-08-01T17:24:00+08:00"}
{"level":"warning","msg":"CoinFrom,CoinTo对不上","time":"2019-08-01T17:24:00+08:00"}
{"level":"warning","msg":"CoinFrom,CoinTo对不上","time":"2019-08-01T17:24:00+08:00"}
{"level":"warning","msg":"CoinFrom,CoinTo对不上","time":"2019-08-01T17:24:00+08:00"}
{"level":"warning","msg":"CoinFrom,CoinTo对不上","time":"2019-08-01T17:24:00+08:00"}
{"level":"warning","msg":"CoinFrom,CoinTo对不上","time":"2019-08-01T17:24:00+08:00"}
{"level":"warning","msg":"CoinFrom,CoinTo对不上","time":"2019-08-01T17:24:00+08:00"}
{"level":"warning","msg":"CoinFrom,CoinTo对不上","time":"2019-08-01T17:24:00+08:00"}
{"level":"warning","msg":"CoinFrom,CoinTo对不上","time":"2019-08-01T17:24:00+08:00"}
{"level":"warning","msg":"CoinFrom,CoinTo对不上","time":"2019-08-01T17:24:00+08:00"}
{"level":"warning","msg":"CoinFrom,CoinTo对不上","time":"2019-08-01T17:24:00+08:00"}
{"level":"warning","msg":"CoinFrom,CoinTo对不上","time":"2019-08-01T17:24:00+08:00"}
{"level":"warning","msg":"CoinFrom,CoinTo对不上","time":"2019-08-01T17:24:00+08:00"}
{"level":"warning","msg":"CoinFrom,CoinTo对不上","time":"2019-08-01T17:24:00+08:00"}
{"level":"warning","msg":"CoinFrom,CoinTo对不上","time":"2019-08-01T17:24:00+08:00"}
{"level":"warning","msg":"CoinFrom,CoinTo对不上","time":"2019-08-01T17:24:00+08:00"}
{"level":"warning","msg":"CoinFrom,CoinTo对不上","time":"2019-08-01T17:24:00+08:00"}
{"level":"warning","msg":"CoinFrom,CoinTo对不上","time":"2019-08-01T17:24:00+08:00"}
{"level":"warning","msg":"CoinFrom,CoinTo对不上","time":"2019-08-01T17:24:01+08:00"}
{"level":"warning","msg":"CoinFrom,CoinTo对不上","time":"2019-08-01T17:24:01+08:00"}
{"level":"warning","msg":"CoinFrom,CoinTo对不上","time":"2019-08-01T17:24:01+08:00"}
{"level":"warning","msg":"CoinFrom,CoinTo对不上","time":"2019-08-01T17:24:01+08:00"}
{"level":"warning","msg":"CoinFrom,CoinTo对不上","time":"2019-08-01T17:24:01+08:00"}
{"level":"warning","msg":"CoinFrom,CoinTo对不上","time":"2019-08-01T17:24:01+08:00"}
{"level":"warning","msg":"CoinFrom,CoinTo对不上","time":"2019-08-01T17:24:01+08:00"}
{"level":"warning","msg":"CoinFrom,CoinTo对不上","time":"2019-08-01T17:24:01+08:00"}
{"level":"warning","msg":"CoinFrom,CoinTo对不上","time":"2019-08-01T17:24:01+08:00"}
{"level":"warning","msg":"CoinFrom,CoinTo对不上","time":"2019-08-01T17:24:01+08:00"}
{"level":"warning","msg":"CoinFrom,CoinTo对不上","time":"2019-08-01T17:24:01+08:00"}
{"level":"warning","msg":"CoinFrom,CoinTo对不上","time":"2019-08-01T17:24:01+08:00"}
{"level":"warning","msg":"CoinFrom,CoinTo对不上","time":"2019-08-01T17:24:01+08:00"}
{"level":"warning","msg":"CoinFrom,CoinTo对不上","time":"2019-08-01T17:24:01+08:00"}
{"level":"warning","msg":"CoinFrom,CoinTo对不上","time":"2019-08-01T17:24:01+08:00"}
{"level":"warning","msg":"CoinFrom,CoinTo对不上","time":"2019-08-01T17:24:01+08:00"}
{"level":"warning","msg":"CoinFrom,CoinTo对不上","time":"2019-08-01T17:24:01+08:00"}
{"level":"warning","msg":"CoinFrom,CoinTo对不上","time":"2019-08-01T17:24:01+08:00"}
{"level":"warning","msg":"CoinFrom,CoinTo对不上","time":"2019-08-01T17:24:01+08:00"}
{"level":"warning","msg":"CoinFrom,CoinTo对不上","time":"2019-08-01T17:24:01+08:00"}
{"level":"warning","msg":"CoinFrom,CoinTo对不上","time":"2019-08-01T17:24:01+08:00"}
{"level":"warning","msg":"CoinFrom,CoinTo对不上","time":"2019-08-01T17:24:01+08:00"}
{"level":"warning","msg":"CoinFrom,CoinTo对不上","time":"2019-08-01T17:24:01+08:00"}
{"level":"warning","msg":"CoinFrom,CoinTo对不上","time":"2019-08-01T17:24:01+08:00"}
{"level":"warning","msg":"CoinFrom,CoinTo对不上","time":"2019-08-01T17:24:01+08:00"}
{"level":"warning","msg":"CoinFrom,CoinTo对不上","time":"2019-08-01T17:24:01+08:00"}
{"level":"warning","msg":"CoinFrom,CoinTo对不上","time":"2019-08-01T17:24:01+08:00"}
{"level":"warning","msg":"CoinFrom,CoinTo对不上","time":"2019-08-01T17:24:01+08:00"}
{"level":"warning","msg":"CoinFrom,CoinTo对不上","time":"2019-08-01T17:24:01+08:00"}
{"level":"warning","msg":"CoinFrom,CoinTo对不上","time":"2019-08-01T17:24:01+08:00"}
{"level":"warning","msg":"CoinFrom,CoinTo对不上","time":"2019-08-01T17:24:01+08:00"}
{"level":"warning","msg":"CoinFrom,CoinTo对不上","time":"2019-08-01T17:24:01+08:00"}
{"level":"warning","msg":"CoinFrom,CoinTo对不上","time":"2019-08-01T17:24:01+08:00"}
{"level":"warning","msg":"CoinFrom,CoinTo对不上","time":"2019-08-01T17:24:01+08:00"}
{"level":"warning","msg":"CoinFrom,CoinTo对不上","time":"2019-08-01T17:24:01+08:00"}
{"level":"warning","msg":"CoinFrom,CoinTo对不上","time":"2019-08-01T17:24:01+08:00"}
{"level":"warning","msg":"CoinFrom,CoinTo对不上","time":"2019-08-01T17:24:01+08:00"}
{"level":"warning","msg":"CoinFrom,CoinTo对不上","time":"2019-08-01T17:24:01+08:00"}
{"level":"warning","msg":"CoinFrom,CoinTo对不上","time":"2019-08-01T17:24:01+08:00"}
{"level":"warning","msg":"CoinFrom,CoinTo对不上","time":"2019-08-01T17:24:01+08:00"}
{"level":"info","msg":"交易区：map[BTC:138 DOB:173 ETH:142 USDT:234]","time":"2019-08-01T17:30:35+08:00"}
{"level":"info","msg":"交易区同步成功","time":"2019-08-01T17:30:35+08:00"}
{"level":"warning","msg":"CoinFrom,CoinTo对不上","time":"2019-08-01T17:30:40+08:00"}
{"level":"warning","msg":"CoinFrom,CoinTo对不上","time":"2019-08-01T17:30:40+08:00"}
{"level":"warning","msg":"CoinFrom,CoinTo对不上","time":"2019-08-01T17:30:41+08:00"}
{"level":"warning","msg":"CoinFrom,CoinTo对不上","time":"2019-08-01T17:30:41+08:00"}
{"level":"warning","msg":"CoinFrom,CoinTo对不上","time":"2019-08-01T17:30:41+08:00"}
{"level":"warning","msg":"CoinFrom,CoinTo对不上","time":"2019-08-01T17:30:41+08:00"}
{"level":"warning","msg":"CoinFrom,CoinTo对不上","time":"2019-08-01T17:30:41+08:00"}
{"level":"warning","msg":"CoinFrom,CoinTo对不上","time":"2019-08-01T17:30:41+08:00"}
{"level":"warning","msg":"CoinFrom,CoinTo对不上","time":"2019-08-01T17:30:41+08:00"}
{"level":"warning","msg":"CoinFrom,CoinTo对不上","time":"2019-08-01T17:30:41+08:00"}
{"level":"warning","msg":"CoinFrom,CoinTo对不上","time":"2019-08-01T17:30:41+08:00"}
{"level":"warning","msg":"CoinFrom,CoinTo对不上","time":"2019-08-01T17:30:41+08:00"}
{"level":"warning","msg":"CoinFrom,CoinTo对不上","time":"2019-08-01T17:30:41+08:00"}
{"level":"warning","msg":"CoinFrom,CoinTo对不上","time":"2019-08-01T17:30:41+08:00"}
{"level":"warning","msg":"CoinFrom,CoinTo对不上","time":"2019-08-01T17:30:41+08:00"}
{"level":"warning","msg":"CoinFrom,CoinTo对不上","time":"2019-08-01T17:30:41+08:00"}
{"level":"warning","msg":"CoinFrom,CoinTo对不上","time":"2019-08-01T17:30:41+08:00"}
{"level":"warning","msg":"CoinFrom,CoinTo对不上","time":"2019-08-01T17:30:41+08:00"}
{"level":"warning","msg":"CoinFrom,CoinTo对不上","time":"2019-08-01T17:30:41+08:00"}
{"level":"warning","msg":"CoinFrom,CoinTo对不上","time":"2019-08-01T17:30:41+08:00"}
{"level":"warning","msg":"CoinFrom,CoinTo对不上","time":"2019-08-01T17:30:41+08:00"}
{"level":"warning","msg":"CoinFrom,CoinTo对不上","time":"2019-08-01T17:30:41+08:00"}
{"level":"warning","msg":"CoinFrom,CoinTo对不上","time":"2019-08-01T17:30:41+08:00"}
{"level":"warning","msg":"CoinFrom,CoinTo对不上","time":"2019-08-01T17:30:41+08:00"}
{"level":"warning","msg":"CoinFrom,CoinTo对不上","time":"2019-08-01T17:30:41+08:00"}
{"level":"warning","msg":"CoinFrom,CoinTo对不上","time":"2019-08-01T17:30:41+08:00"}
{"level":"warning","msg":"CoinFrom,CoinTo对不上","time":"2019-08-01T17:30:41+08:00"}
{"level":"warning","msg":"CoinFrom,CoinTo对不上","time":"2019-08-01T17:30:41+08:00"}
{"level":"warning","msg":"CoinFrom,CoinTo对不上","time":"2019-08-01T17:30:41+08:00"}
{"level":"warning","msg":"CoinFrom,CoinTo对不上","time":"2019-08-01T17:30:41+08:00"}
{"level":"warning","msg":"CoinFrom,CoinTo对不上","time":"2019-08-01T17:30:41+08:00"}
{"level":"warning","msg":"CoinFrom,CoinTo对不上","time":"2019-08-01T17:30:41+08:00"}
{"level":"warning","msg":"CoinFrom,CoinTo对不上","time":"2019-08-01T17:30:41+08:00"}
{"level":"warning","msg":"CoinFrom,CoinTo对不上","time":"2019-08-01T17:30:41+08:00"}
{"level":"warning","msg":"CoinFrom,CoinTo对不上","time":"2019-08-01T17:30:41+08:00"}
{"level":"warning","msg":"CoinFrom,CoinTo对不上","time":"2019-08-01T17:30:41+08:00"}
{"level":"warning","msg":"CoinFrom,CoinTo对不上","time":"2019-08-01T17:30:41+08:00"}
{"level":"warning","msg":"CoinFrom,CoinTo对不上","time":"2019-08-01T17:30:41+08:00"}
{"level":"warning","msg":"CoinFrom,CoinTo对不上","time":"2019-08-01T17:30:41+08:00"}
{"level":"warning","msg":"CoinFrom,CoinTo对不上","time":"2019-08-01T17:30:41+08:00"}
{"level":"warning","msg":"CoinFrom,CoinTo对不上","time":"2019-08-01T17:30:41+08:00"}
{"level":"warning","msg":"CoinFrom,CoinTo对不上","time":"2019-08-01T17:30:41+08:00"}
{"level":"warning","msg":"CoinFrom,CoinTo对不上","time":"2019-08-01T17:30:41+08:00"}
{"level":"warning","msg":"CoinFrom,CoinTo对不上","time":"2019-08-01T17:30:41+08:00"}
{"level":"warning","msg":"CoinFrom,CoinTo对不上","time":"2019-08-01T17:30:41+08:00"}
{"level":"warning","msg":"CoinFrom,CoinTo对不上","time":"2019-08-01T17:30:41+08:00"}
{"level":"warning","msg":"CoinFrom,CoinTo对不上","time":"2019-08-01T17:30:41+08:00"}
{"level":"warning","msg":"CoinFrom,CoinTo对不上","time":"2019-08-01T17:30:41+08:00"}
{"level":"warning","msg":"CoinFrom,CoinTo对不上","time":"2019-08-01T17:30:41+08:00"}
{"level":"warning","msg":"CoinFrom,CoinTo对不上","time":"2019-08-01T17:30:41+08:00"}
{"level":"warning","msg":"CoinFrom,CoinTo对不上","time":"2019-08-01T17:30:41+08:00"}
{"level":"warning","msg":"CoinFrom,CoinTo对不上","time":"2019-08-01T17:30:41+08:00"}
{"level":"warning","msg":"CoinFrom,CoinTo对不上","time":"2019-08-01T17:30:41+08:00"}
{"level":"warning","msg":"CoinFrom,CoinTo对不上","time":"2019-08-01T17:30:41+08:00"}
{"level":"warning","msg":"CoinFrom,CoinTo对不上","time":"2019-08-01T17:30:41+08:00"}
{"level":"warning","msg":"CoinFrom,CoinTo对不上","time":"2019-08-01T17:30:41+08:00"}
{"level":"warning","msg":"CoinFrom,CoinTo对不上","time":"2019-08-01T17:30:41+08:00"}
{"level":"warning","msg":"CoinFrom,CoinTo对不上","time":"2019-08-01T17:30:41+08:00"}
{"level":"warning","msg":"CoinFrom,CoinTo对不上","time":"2019-08-01T17:30:41+08:00"}
{"level":"warning","msg":"CoinFrom,CoinTo对不上","time":"2019-08-01T17:30:41+08:00"}
{"level":"warning","msg":"CoinFrom,CoinTo对不上","time":"2019-08-01T17:30:41+08:00"}
{"level":"warning","msg":"CoinFrom,CoinTo对不上","time":"2019-08-01T17:30:41+08:00"}
{"level":"warning","msg":"CoinFrom,CoinTo对不上","time":"2019-08-01T17:30:41+08:00"}
{"level":"warning","msg":"CoinFrom,CoinTo对不上","time":"2019-08-01T17:30:41+08:00"}
{"level":"warning","msg":"CoinFrom,CoinTo对不上","time":"2019-08-01T17:30:41+08:00"}
{"level":"warning","msg":"CoinFrom,CoinTo对不上","time":"2019-08-01T17:30:41+08:00"}
{"level":"warning","msg":"CoinFrom,CoinTo对不上","time":"2019-08-01T17:30:41+08:00"}
{"level":"warning","msg":"CoinFrom,CoinTo对不上","time":"2019-08-01T17:30:41+08:00"}
{"level":"warning","msg":"CoinFrom,CoinTo对不上","time":"2019-08-01T17:30:42+08:00"}
{"level":"warning","msg":"CoinFrom,CoinTo对不上","time":"2019-08-01T17:30:42+08:00"}
{"level":"warning","msg":"CoinFrom,CoinTo对不上","time":"2019-08-01T17:30:42+08:00"}
{"level":"warning","msg":"CoinFrom,CoinTo对不上","time":"2019-08-01T17:30:42+08:00"}
{"level":"warning","msg":"CoinFrom,CoinTo对不上","time":"2019-08-01T17:30:42+08:00"}
{"level":"warning","msg":"CoinFrom,CoinTo对不上","time":"2019-08-01T17:30:42+08:00"}
{"level":"warning","msg":"CoinFrom,CoinTo对不上","time":"2019-08-01T17:30:42+08:00"}
{"level":"warning","msg":"CoinFrom,CoinTo对不上","time":"2019-08-01T17:30:42+08:00"}
{"level":"warning","msg":"CoinFrom,CoinTo对不上","time":"2019-08-01T17:30:42+08:00"}
{"level":"warning","msg":"CoinFrom,CoinTo对不上","time":"2019-08-01T17:30:42+08:00"}
{"level":"warning","msg":"CoinFrom,CoinTo对不上","time":"2019-08-01T17:30:42+08:00"}
{"level":"warning","msg":"CoinFrom,CoinTo对不上","time":"2019-08-01T17:30:42+08:00"}
{"level":"warning","msg":"CoinFrom,CoinTo对不上","time":"2019-08-01T17:30:42+08:00"}
{"level":"warning","msg":"CoinFrom,CoinTo对不上","time":"2019-08-01T17:30:42+08:00"}
{"level":"warning","msg":"CoinFrom,CoinTo对不上","time":"2019-08-01T17:30:42+08:00"}
{"level":"warning","msg":"CoinFrom,CoinTo对不上","time":"2019-08-01T17:30:42+08:00"}
{"level":"warning","msg":"CoinFrom,CoinTo对不上","time":"2019-08-01T17:30:42+08:00"}
{"level":"warning","msg":"CoinFrom,CoinTo对不上","time":"2019-08-01T17:30:42+08:00"}
{"level":"warning","msg":"CoinFrom,CoinTo对不上","time":"2019-08-01T17:30:42+08:00"}
{"level":"warning","msg":"CoinFrom,CoinTo对不上","time":"2019-08-01T17:30:42+08:00"}
{"level":"warning","msg":"CoinFrom,CoinTo对不上","time":"2019-08-01T17:30:42+08:00"}
{"level":"warning","msg":"CoinFrom,CoinTo对不上","time":"2019-08-01T17:30:42+08:00"}
{"level":"warning","msg":"CoinFrom,CoinTo对不上","time":"2019-08-01T17:30:42+08:00"}
{"level":"warning","msg":"CoinFrom,CoinTo对不上","time":"2019-08-01T17:30:42+08:00"}
{"level":"warning","msg":"CoinFrom,CoinTo对不上","time":"2019-08-01T17:30:42+08:00"}
{"level":"warning","msg":"CoinFrom,CoinTo对不上","time":"2019-08-01T17:30:42+08:00"}
{"level":"warning","msg":"CoinFrom,CoinTo对不上","time":"2019-08-01T17:30:42+08:00"}
{"level":"warning","msg":"CoinFrom,CoinTo对不上","time":"2019-08-01T17:30:42+08:00"}
{"level":"warning","msg":"CoinFrom,CoinTo对不上","time":"2019-08-01T17:30:42+08:00"}
{"level":"warning","msg":"CoinFrom,CoinTo对不上","time":"2019-08-01T17:30:42+08:00"}
{"level":"warning","msg":"CoinFrom,CoinTo对不上","time":"2019-08-01T17:30:42+08:00"}
{"level":"warning","msg":"CoinFrom,CoinTo对不上","time":"2019-08-01T17:30:42+08:00"}
{"level":"warning","msg":"CoinFrom,CoinTo对不上","time":"2019-08-01T17:30:42+08:00"}
{"level":"warning","msg":"CoinFrom,CoinTo对不上","time":"2019-08-01T17:30:42+08:00"}
{"level":"warning","msg":"CoinFrom,CoinTo对不上","time":"2019-08-01T17:30:42+08:00"}
{"level":"warning","msg":"CoinFrom,CoinTo对不上","time":"2019-08-01T17:30:42+08:00"}
{"level":"warning","msg":"CoinFrom,CoinTo对不上","time":"2019-08-01T17:30:42+08:00"}
{"level":"warning","msg":"CoinFrom,CoinTo对不上","time":"2019-08-01T17:30:42+08:00"}
{"level":"warning","msg":"CoinFrom,CoinTo对不上","time":"2019-08-01T17:30:42+08:00"}
{"level":"warning","msg":"CoinFrom,CoinTo对不上","time":"2019-08-01T17:30:42+08:00"}
{"level":"warning","msg":"CoinFrom,CoinTo对不上","time":"2019-08-01T17:30:42+08:00"}
{"level":"warning","msg":"CoinFrom,CoinTo对不上","time":"2019-08-01T17:30:42+08:00"}
{"level":"warning","msg":"CoinFrom,CoinTo对不上","time":"2019-08-01T17:30:42+08:00"}
{"level":"warning","msg":"CoinFrom,CoinTo对不上","time":"2019-08-01T17:30:42+08:00"}
{"level":"warning","msg":"CoinFrom,CoinTo对不上","time":"2019-08-01T17:30:42+08:00"}
{"level":"warning","msg":"CoinFrom,CoinTo对不上","time":"2019-08-01T17:30:42+08:00"}
{"level":"warning","msg":"CoinFrom,CoinTo对不上","time":"2019-08-01T17:30:42+08:00"}
{"level":"warning","msg":"CoinFrom,CoinTo对不上","time":"2019-08-01T17:30:42+08:00"}
{"level":"warning","msg":"CoinFrom,CoinTo对不上","time":"2019-08-01T17:30:42+08:00"}
{"level":"warning","msg":"CoinFrom,CoinTo对不上","time":"2019-08-01T17:30:42+08:00"}
{"level":"warning","msg":"CoinFrom,CoinTo对不上","time":"2019-08-01T17:30:42+08:00"}
{"level":"warning","msg":"CoinFrom,CoinTo对不上","time":"2019-08-01T17:30:42+08:00"}
{"level":"warning","msg":"CoinFrom,CoinTo对不上","time":"2019-08-01T17:30:42+08:00"}
{"level":"warning","msg":"CoinFrom,CoinTo对不上","time":"2019-08-01T17:30:42+08:00"}
{"level":"warning","msg":"CoinFrom,CoinTo对不上","time":"2019-08-01T17:30:42+08:00"}
{"level":"warning","msg":"CoinFrom,CoinTo对不上","time":"2019-08-01T17:30:42+08:00"}
{"level":"warning","msg":"CoinFrom,CoinTo对不上","time":"2019-08-01T17:30:42+08:00"}
{"level":"warning","msg":"CoinFrom,CoinTo对不上","time":"2019-08-01T17:30:42+08:00"}
{"level":"warning","msg":"CoinFrom,CoinTo对不上","time":"2019-08-01T17:30:42+08:00"}
{"level":"warning","msg":"CoinFrom,CoinTo对不上","time":"2019-08-01T17:30:42+08:00"}
{"level":"warning","msg":"CoinFrom,CoinTo对不上","time":"2019-08-01T17:30:42+08:00"}
{"level":"warning","msg":"CoinFrom,CoinTo对不上","time":"2019-08-01T17:30:42+08:00"}
{"level":"warning","msg":"CoinFrom,CoinTo对不上","time":"2019-08-01T17:30:42+08:00"}
{"level":"warning","msg":"CoinFrom,CoinTo对不上","time":"2019-08-01T17:30:42+08:00"}
{"level":"warning","msg":"CoinFrom,CoinTo对不上","time":"2019-08-01T17:30:42+08:00"}
{"level":"warning","msg":"CoinFrom,CoinTo对不上","time":"2019-08-01T17:30:42+08:00"}
{"level":"warning","msg":"CoinFrom,CoinTo对不上","time":"2019-08-01T17:30:42+08:00"}
{"level":"warning","msg":"CoinFrom,CoinTo对不上","time":"2019-08-01T17:30:42+08:00"}
{"level":"warning","msg":"CoinFrom,CoinTo对不上","time":"2019-08-01T17:30:43+08:00"}
{"level":"warning","msg":"CoinFrom,CoinTo对不上","time":"2019-08-01T17:30:43+08:00"}
{"level":"warning","msg":"CoinFrom,CoinTo对不上","time":"2019-08-01T17:30:43+08:00"}
{"level":"warning","msg":"CoinFrom,CoinTo对不上","time":"2019-08-01T17:30:43+08:00"}
{"level":"warning","msg":"CoinFrom,CoinTo对不上","time":"2019-08-01T17:30:43+08:00"}
{"level":"warning","msg":"CoinFrom,CoinTo对不上","time":"2019-08-01T17:30:43+08:00"}
{"level":"warning","msg":"CoinFrom,CoinTo对不上","time":"2019-08-01T17:30:43+08:00"}
{"level":"warning","msg":"CoinFrom,CoinTo对不上","time":"2019-08-01T17:30:43+08:00"}
{"level":"warning","msg":"CoinFrom,CoinTo对不上","time":"2019-08-01T17:30:43+08:00"}
{"level":"warning","msg":"CoinFrom,CoinTo对不上","time":"2019-08-01T17:30:43+08:00"}
{"level":"warning","msg":"CoinFrom,CoinTo对不上","time":"2019-08-01T17:30:43+08:00"}
{"level":"warning","msg":"CoinFrom,CoinTo对不上","time":"2019-08-01T17:30:43+08:00"}
{"level":"warning","msg":"CoinFrom,CoinTo对不上","time":"2019-08-01T17:30:43+08:00"}
{"level":"warning","msg":"CoinFrom,CoinTo对不上","time":"2019-08-01T17:30:43+08:00"}
{"level":"warning","msg":"CoinFrom,CoinTo对不上","time":"2019-08-01T17:30:43+08:00"}
{"level":"warning","msg":"CoinFrom,CoinTo对不上","time":"2019-08-01T17:30:43+08:00"}
{"level":"warning","msg":"CoinFrom,CoinTo对不上","time":"2019-08-01T17:30:43+08:00"}
{"level":"warning","msg":"CoinFrom,CoinTo对不上","time":"2019-08-01T17:30:43+08:00"}
{"level":"warning","msg":"CoinFrom,CoinTo对不上","time":"2019-08-01T17:30:43+08:00"}
{"level":"warning","msg":"CoinFrom,CoinTo对不上","time":"2019-08-01T17:30:43+08:00"}
{"level":"warning","msg":"CoinFrom,CoinTo对不上","time":"2019-08-01T17:30:43+08:00"}
{"level":"warning","msg":"CoinFrom,CoinTo对不上","time":"2019-08-01T17:30:43+08:00"}
{"level":"warning","msg":"CoinFrom,CoinTo对不上","time":"2019-08-01T17:30:43+08:00"}
{"level":"warning","msg":"CoinFrom,CoinTo对不上","time":"2019-08-01T17:30:43+08:00"}
{"level":"warning","msg":"CoinFrom,CoinTo对不上","time":"2019-08-01T17:30:43+08:00"}
{"level":"warning","msg":"CoinFrom,CoinTo对不上","time":"2019-08-01T17:30:43+08:00"}
{"level":"warning","msg":"CoinFrom,CoinTo对不上","time":"2019-08-01T17:30:43+08:00"}
{"level":"warning","msg":"CoinFrom,CoinTo对不上","time":"2019-08-01T17:30:43+08:00"}
{"level":"warning","msg":"CoinFrom,CoinTo对不上","time":"2019-08-01T17:30:43+08:00"}
{"level":"warning","msg":"CoinFrom,CoinTo对不上","time":"2019-08-01T17:30:43+08:00"}
{"level":"warning","msg":"CoinFrom,CoinTo对不上","time":"2019-08-01T17:30:43+08:00"}
{"level":"warning","msg":"CoinFrom,CoinTo对不上","time":"2019-08-01T17:30:43+08:00"}
{"level":"warning","msg":"CoinFrom,CoinTo对不上","time":"2019-08-01T17:30:43+08:00"}
{"level":"warning","msg":"CoinFrom,CoinTo对不上","time":"2019-08-01T17:30:43+08:00"}
{"level":"warning","msg":"CoinFrom,CoinTo对不上","time":"2019-08-01T17:30:43+08:00"}
{"level":"warning","msg":"CoinFrom,CoinTo对不上","time":"2019-08-01T17:30:43+08:00"}
{"level":"warning","msg":"CoinFrom,CoinTo对不上","time":"2019-08-01T17:30:43+08:00"}
{"level":"warning","msg":"CoinFrom,CoinTo对不上","time":"2019-08-01T17:30:43+08:00"}
{"level":"warning","msg":"CoinFrom,CoinTo对不上","time":"2019-08-01T17:30:43+08:00"}
{"level":"warning","msg":"CoinFrom,CoinTo对不上","time":"2019-08-01T17:30:43+08:00"}
{"level":"warning","msg":"CoinFrom,CoinTo对不上","time":"2019-08-01T17:30:43+08:00"}
{"level":"warning","msg":"CoinFrom,CoinTo对不上","time":"2019-08-01T17:30:43+08:00"}
{"level":"warning","msg":"CoinFrom,CoinTo对不上","time":"2019-08-01T17:30:43+08:00"}
{"level":"warning","msg":"CoinFrom,CoinTo对不上","time":"2019-08-01T17:30:43+08:00"}
{"level":"warning","msg":"CoinFrom,CoinTo对不上","time":"2019-08-01T17:30:43+08:00"}
{"level":"warning","msg":"CoinFrom,CoinTo对不上","time":"2019-08-01T17:30:43+08:00"}
{"level":"warning","msg":"CoinFrom,CoinTo对不上","time":"2019-08-01T17:30:43+08:00"}
{"level":"warning","msg":"CoinFrom,CoinTo对不上","time":"2019-08-01T17:30:43+08:00"}
{"level":"warning","msg":"CoinFrom,CoinTo对不上","time":"2019-08-01T17:30:43+08:00"}
{"level":"warning","msg":"CoinFrom,CoinTo对不上","time":"2019-08-01T17:30:43+08:00"}
{"level":"warning","msg":"CoinFrom,CoinTo对不上","time":"2019-08-01T17:30:43+08:00"}
{"level":"warning","msg":"CoinFrom,CoinTo对不上","time":"2019-08-01T17:30:43+08:00"}
{"level":"warning","msg":"CoinFrom,CoinTo对不上","time":"2019-08-01T17:30:43+08:00"}
{"level":"warning","msg":"CoinFrom,CoinTo对不上","time":"2019-08-01T17:30:43+08:00"}
{"level":"warning","msg":"CoinFrom,CoinTo对不上","time":"2019-08-01T17:30:43+08:00"}
{"level":"warning","msg":"CoinFrom,CoinTo对不上","time":"2019-08-01T17:30:43+08:00"}
{"level":"warning","msg":"CoinFrom,CoinTo对不上","time":"2019-08-01T17:30:43+08:00"}
{"level":"warning","msg":"CoinFrom,CoinTo对不上","time":"2019-08-01T17:30:43+08:00"}
{"level":"warning","msg":"CoinFrom,CoinTo对不上","time":"2019-08-01T17:30:43+08:00"}
{"level":"warning","msg":"CoinFrom,CoinTo对不上","time":"2019-08-01T17:30:43+08:00"}
{"level":"warning","msg":"CoinFrom,CoinTo对不上","time":"2019-08-01T17:30:43+08:00"}
{"level":"warning","msg":"CoinFrom,CoinTo对不上","time":"2019-08-01T17:30:43+08:00"}
{"level":"warning","msg":"CoinFrom,CoinTo对不上","time":"2019-08-01T17:30:43+08:00"}
{"level":"warning","msg":"CoinFrom,CoinTo对不上","time":"2019-08-01T17:30:43+08:00"}
{"level":"warning","msg":"CoinFrom,CoinTo对不上","time":"2019-08-01T17:30:43+08:00"}
{"level":"warning","msg":"CoinFrom,CoinTo对不上","time":"2019-08-01T17:30:43+08:00"}
{"level":"warning","msg":"CoinFrom,CoinTo对不上","time":"2019-08-01T17:30:43+08:00"}
{"level":"warning","msg":"CoinFrom,CoinTo对不上","time":"2019-08-01T17:30:43+08:00"}
{"level":"warning","msg":"CoinFrom,CoinTo对不上","time":"2019-08-01T17:30:44+08:00"}
{"level":"warning","msg":"CoinFrom,CoinTo对不上","time":"2019-08-01T17:30:44+08:00"}
{"level":"warning","msg":"CoinFrom,CoinTo对不上","time":"2019-08-01T17:30:44+08:00"}
{"level":"warning","msg":"CoinFrom,CoinTo对不上","time":"2019-08-01T17:30:44+08:00"}
{"level":"warning","msg":"CoinFrom,CoinTo对不上","time":"2019-08-01T17:30:44+08:00"}
{"level":"warning","msg":"CoinFrom,CoinTo对不上","time":"2019-08-01T17:30:44+08:00"}
{"level":"warning","msg":"CoinFrom,CoinTo对不上","time":"2019-08-01T17:30:44+08:00"}
{"level":"warning","msg":"CoinFrom,CoinTo对不上","time":"2019-08-01T17:30:44+08:00"}
{"level":"warning","msg":"CoinFrom,CoinTo对不上","time":"2019-08-01T17:30:44+08:00"}
{"level":"warning","msg":"CoinFrom,CoinTo对不上","time":"2019-08-01T17:30:44+08:00"}
{"level":"warning","msg":"CoinFrom,CoinTo对不上","time":"2019-08-01T17:30:44+08:00"}
{"level":"warning","msg":"CoinFrom,CoinTo对不上","time":"2019-08-01T17:30:44+08:00"}
{"level":"warning","msg":"CoinFrom,CoinTo对不上","time":"2019-08-01T17:30:44+08:00"}
{"level":"warning","msg":"CoinFrom,CoinTo对不上","time":"2019-08-01T17:30:44+08:00"}
{"level":"warning","msg":"CoinFrom,CoinTo对不上","time":"2019-08-01T17:30:44+08:00"}
{"level":"warning","msg":"CoinFrom,CoinTo对不上","time":"2019-08-01T17:30:44+08:00"}
{"level":"warning","msg":"CoinFrom,CoinTo对不上","time":"2019-08-01T17:30:44+08:00"}
{"level":"warning","msg":"CoinFrom,CoinTo对不上","time":"2019-08-01T17:30:44+08:00"}
{"level":"warning","msg":"CoinFrom,CoinTo对不上","time":"2019-08-01T17:30:44+08:00"}
{"level":"warning","msg":"CoinFrom,CoinTo对不上","time":"2019-08-01T17:30:44+08:00"}
{"level":"warning","msg":"CoinFrom,CoinTo对不上","time":"2019-08-01T17:30:44+08:00"}
{"level":"warning","msg":"CoinFrom,CoinTo对不上","time":"2019-08-01T17:30:44+08:00"}
{"level":"warning","msg":"CoinFrom,CoinTo对不上","time":"2019-08-01T17:30:44+08:00"}
{"level":"warning","msg":"CoinFrom,CoinTo对不上","time":"2019-08-01T17:30:44+08:00"}
{"level":"warning","msg":"CoinFrom,CoinTo对不上","time":"2019-08-01T17:30:44+08:00"}
{"level":"warning","msg":"CoinFrom,CoinTo对不上","time":"2019-08-01T17:30:44+08:00"}
{"level":"warning","msg":"CoinFrom,CoinTo对不上","time":"2019-08-01T17:30:44+08:00"}
{"level":"warning","msg":"CoinFrom,CoinTo对不上","time":"2019-08-01T17:30:44+08:00"}
{"level":"warning","msg":"CoinFrom,CoinTo对不上","time":"2019-08-01T17:30:44+08:00"}
{"level":"warning","msg":"CoinFrom,CoinTo对不上","time":"2019-08-01T17:30:44+08:00"}
{"level":"warning","msg":"CoinFrom,CoinTo对不上","time":"2019-08-01T17:30:44+08:00"}
{"level":"warning","msg":"CoinFrom,CoinTo对不上","time":"2019-08-01T17:30:44+08:00"}
{"level":"warning","msg":"CoinFrom,CoinTo对不上","time":"2019-08-01T17:30:44+08:00"}
{"level":"warning","msg":"CoinFrom,CoinTo对不上","time":"2019-08-01T17:30:44+08:00"}
{"level":"warning","msg":"CoinFrom,CoinTo对不上","time":"2019-08-01T17:30:44+08:00"}
{"level":"warning","msg":"CoinFrom,CoinTo对不上","time":"2019-08-01T17:30:44+08:00"}
{"level":"warning","msg":"CoinFrom,CoinTo对不上","time":"2019-08-01T17:30:44+08:00"}
{"level":"warning","msg":"CoinFrom,CoinTo对不上","time":"2019-08-01T17:30:44+08:00"}
{"level":"warning","msg":"CoinFrom,CoinTo对不上","time":"2019-08-01T17:30:44+08:00"}
{"level":"warning","msg":"CoinFrom,CoinTo对不上","time":"2019-08-01T17:30:44+08:00"}
{"level":"warning","msg":"CoinFrom,CoinTo对不上","time":"2019-08-01T17:30:44+08:00"}
{"level":"warning","msg":"CoinFrom,CoinTo对不上","time":"2019-08-01T17:30:44+08:00"}
{"level":"warning","msg":"CoinFrom,CoinTo对不上","time":"2019-08-01T17:30:44+08:00"}
{"level":"warning","msg":"CoinFrom,CoinTo对不上","time":"2019-08-01T17:30:44+08:00"}
{"level":"warning","msg":"CoinFrom,CoinTo对不上","time":"2019-08-01T17:30:44+08:00"}
{"level":"warning","msg":"CoinFrom,CoinTo对不上","time":"2019-08-01T17:30:44+08:00"}
{"level":"warning","msg":"CoinFrom,CoinTo对不上","time":"2019-08-01T17:30:44+08:00"}
{"level":"warning","msg":"CoinFrom,CoinTo对不上","time":"2019-08-01T17:30:44+08:00"}
{"level":"warning","msg":"CoinFrom,CoinTo对不上","time":"2019-08-01T17:30:44+08:00"}
{"level":"warning","msg":"CoinFrom,CoinTo对不上","time":"2019-08-01T17:30:44+08:00"}
{"level":"warning","msg":"CoinFrom,CoinTo对不上","time":"2019-08-01T17:30:44+08:00"}
{"level":"warning","msg":"CoinFrom,CoinTo对不上","time":"2019-08-01T17:30:44+08:00"}
{"level":"warning","msg":"CoinFrom,CoinTo对不上","time":"2019-08-01T17:30:44+08:00"}
{"level":"warning","msg":"CoinFrom,CoinTo对不上","time":"2019-08-01T17:30:44+08:00"}
{"level":"warning","msg":"CoinFrom,CoinTo对不上","time":"2019-08-01T17:30:44+08:00"}
{"level":"warning","msg":"CoinFrom,CoinTo对不上","time":"2019-08-01T17:30:44+08:00"}
{"level":"warning","msg":"CoinFrom,CoinTo对不上","time":"2019-08-01T17:30:44+08:00"}
{"level":"warning","msg":"CoinFrom,CoinTo对不上","time":"2019-08-01T17:30:44+08:00"}
{"level":"warning","msg":"CoinFrom,CoinTo对不上","time":"2019-08-01T17:30:44+08:00"}
{"level":"warning","msg":"CoinFrom,CoinTo对不上","time":"2019-08-01T17:30:44+08:00"}
{"level":"warning","msg":"CoinFrom,CoinTo对不上","time":"2019-08-01T17:30:44+08:00"}
{"level":"warning","msg":"CoinFrom,CoinTo对不上","time":"2019-08-01T17:30:44+08:00"}
{"level":"warning","msg":"CoinFrom,CoinTo对不上","time":"2019-08-01T17:30:45+08:00"}
{"level":"warning","msg":"CoinFrom,CoinTo对不上","time":"2019-08-01T17:30:45+08:00"}
{"level":"warning","msg":"CoinFrom,CoinTo对不上","time":"2019-08-01T17:30:45+08:00"}
{"level":"warning","msg":"CoinFrom,CoinTo对不上","time":"2019-08-01T17:30:45+08:00"}
{"level":"warning","msg":"CoinFrom,CoinTo对不上","time":"2019-08-01T17:30:45+08:00"}
{"level":"warning","msg":"CoinFrom,CoinTo对不上","time":"2019-08-01T17:30:45+08:00"}
{"level":"warning","msg":"CoinFrom,CoinTo对不上","time":"2019-08-01T17:30:45+08:00"}
{"level":"warning","msg":"CoinFrom,CoinTo对不上","time":"2019-08-01T17:30:45+08:00"}
{"level":"warning","msg":"CoinFrom,CoinTo对不上","time":"2019-08-01T17:30:45+08:00"}
{"level":"warning","msg":"CoinFrom,CoinTo对不上","time":"2019-08-01T17:30:45+08:00"}
{"level":"warning","msg":"CoinFrom,CoinTo对不上","time":"2019-08-01T17:30:45+08:00"}
{"level":"warning","msg":"CoinFrom,CoinTo对不上","time":"2019-08-01T17:30:45+08:00"}
{"level":"warning","msg":"CoinFrom,CoinTo对不上","time":"2019-08-01T17:30:45+08:00"}
{"level":"warning","msg":"CoinFrom,CoinTo对不上","time":"2019-08-01T17:30:45+08:00"}
{"level":"warning","msg":"CoinFrom,CoinTo对不上","time":"2019-08-01T17:30:45+08:00"}
{"level":"warning","msg":"CoinFrom,CoinTo对不上","time":"2019-08-01T17:30:45+08:00"}
{"level":"warning","msg":"CoinFrom,CoinTo对不上","time":"2019-08-01T17:30:45+08:00"}
{"level":"warning","msg":"CoinFrom,CoinTo对不上","time":"2019-08-01T17:30:45+08:00"}
{"level":"warning","msg":"CoinFrom,CoinTo对不上","time":"2019-08-01T17:30:45+08:00"}
{"level":"warning","msg":"CoinFrom,CoinTo对不上","time":"2019-08-01T17:30:45+08:00"}
{"level":"warning","msg":"CoinFrom,CoinTo对不上","time":"2019-08-01T17:30:45+08:00"}
{"level":"warning","msg":"CoinFrom,CoinTo对不上","time":"2019-08-01T17:30:45+08:00"}
{"level":"warning","msg":"CoinFrom,CoinTo对不上","time":"2019-08-01T17:30:45+08:00"}
{"level":"warning","msg":"CoinFrom,CoinTo对不上","time":"2019-08-01T17:30:45+08:00"}
{"level":"warning","msg":"CoinFrom,CoinTo对不上","time":"2019-08-01T17:30:45+08:00"}
{"level":"warning","msg":"CoinFrom,CoinTo对不上","time":"2019-08-01T17:30:45+08:00"}
{"level":"warning","msg":"CoinFrom,CoinTo对不上","time":"2019-08-01T17:30:45+08:00"}
{"level":"warning","msg":"CoinFrom,CoinTo对不上","time":"2019-08-01T17:30:45+08:00"}
{"level":"warning","msg":"CoinFrom,CoinTo对不上","time":"2019-08-01T17:30:45+08:00"}
{"level":"warning","msg":"CoinFrom,CoinTo对不上","time":"2019-08-01T17:30:45+08:00"}
{"level":"warning","msg":"CoinFrom,CoinTo对不上","time":"2019-08-01T17:30:45+08:00"}
{"level":"warning","msg":"CoinFrom,CoinTo对不上","time":"2019-08-01T17:30:45+08:00"}
{"level":"warning","msg":"CoinFrom,CoinTo对不上","time":"2019-08-01T17:30:45+08:00"}
{"level":"warning","msg":"CoinFrom,CoinTo对不上","time":"2019-08-01T17:30:45+08:00"}
{"level":"warning","msg":"CoinFrom,CoinTo对不上","time":"2019-08-01T17:30:45+08:00"}
{"level":"warning","msg":"CoinFrom,CoinTo对不上","time":"2019-08-01T17:30:45+08:00"}
{"level":"warning","msg":"CoinFrom,CoinTo对不上","time":"2019-08-01T17:30:45+08:00"}
{"level":"warning","msg":"CoinFrom,CoinTo对不上","time":"2019-08-01T17:30:45+08:00"}
{"level":"warning","msg":"CoinFrom,CoinTo对不上","time":"2019-08-01T17:30:45+08:00"}
{"level":"warning","msg":"CoinFrom,CoinTo对不上","time":"2019-08-01T17:30:45+08:00"}
{"level":"warning","msg":"CoinFrom,CoinTo对不上","time":"2019-08-01T17:30:45+08:00"}
{"level":"warning","msg":"CoinFrom,CoinTo对不上","time":"2019-08-01T17:30:45+08:00"}
{"level":"warning","msg":"CoinFrom,CoinTo对不上","time":"2019-08-01T17:30:45+08:00"}
{"level":"warning","msg":"CoinFrom,CoinTo对不上","time":"2019-08-01T17:30:45+08:00"}
{"level":"warning","msg":"CoinFrom,CoinTo对不上","time":"2019-08-01T17:30:45+08:00"}
{"level":"warning","msg":"CoinFrom,CoinTo对不上","time":"2019-08-01T17:30:45+08:00"}
{"level":"warning","msg":"CoinFrom,CoinTo对不上","time":"2019-08-01T17:30:45+08:00"}
{"level":"warning","msg":"CoinFrom,CoinTo对不上","time":"2019-08-01T17:30:45+08:00"}
{"level":"warning","msg":"CoinFrom,CoinTo对不上","time":"2019-08-01T17:30:45+08:00"}
{"level":"warning","msg":"CoinFrom,CoinTo对不上","time":"2019-08-01T17:30:45+08:00"}
{"level":"warning","msg":"CoinFrom,CoinTo对不上","time":"2019-08-01T17:30:45+08:00"}
{"level":"warning","msg":"CoinFrom,CoinTo对不上","time":"2019-08-01T17:30:45+08:00"}
{"level":"warning","msg":"CoinFrom,CoinTo对不上","time":"2019-08-01T17:30:45+08:00"}
{"level":"warning","msg":"CoinFrom,CoinTo对不上","time":"2019-08-01T17:30:45+08:00"}
{"level":"warning","msg":"CoinFrom,CoinTo对不上","time":"2019-08-01T17:30:45+08:00"}
{"level":"warning","msg":"CoinFrom,CoinTo对不上","time":"2019-08-01T17:30:45+08:00"}
{"level":"warning","msg":"CoinFrom,CoinTo对不上","time":"2019-08-01T17:30:45+08:00"}
{"level":"warning","msg":"CoinFrom,CoinTo对不上","time":"2019-08-01T17:30:45+08:00"}
{"level":"warning","msg":"CoinFrom,CoinTo对不上","time":"2019-08-01T17:30:45+08:00"}
{"level":"warning","msg":"CoinFrom,CoinTo对不上","time":"2019-08-01T17:30:45+08:00"}
{"level":"warning","msg":"CoinFrom,CoinTo对不上","time":"2019-08-01T17:30:45+08:00"}
{"level":"warning","msg":"CoinFrom,CoinTo对不上","time":"2019-08-01T17:30:45+08:00"}
{"level":"warning","msg":"CoinFrom,CoinTo对不上","time":"2019-08-01T17:30:45+08:00"}
{"level":"warning","msg":"CoinFrom,CoinTo对不上","time":"2019-08-01T17:30:45+08:00"}
{"level":"warning","msg":"CoinFrom,CoinTo对不上","time":"2019-08-01T17:30:45+08:00"}
{"level":"warning","msg":"CoinFrom,CoinTo对不上","time":"2019-08-01T17:30:45+08:00"}
{"level":"warning","msg":"CoinFrom,CoinTo对不上","time":"2019-08-01T17:30:46+08:00"}
{"level":"warning","msg":"CoinFrom,CoinTo对不上","time":"2019-08-01T17:30:46+08:00"}
{"level":"warning","msg":"CoinFrom,CoinTo对不上","time":"2019-08-01T17:30:46+08:00"}
{"level":"warning","msg":"CoinFrom,CoinTo对不上","time":"2019-08-01T17:30:46+08:00"}
{"level":"warning","msg":"CoinFrom,CoinTo对不上","time":"2019-08-01T17:30:46+08:00"}
{"level":"warning","msg":"CoinFrom,CoinTo对不上","time":"2019-08-01T17:30:46+08:00"}
{"level":"warning","msg":"CoinFrom,CoinTo对不上","time":"2019-08-01T17:30:46+08:00"}
{"level":"warning","msg":"CoinFrom,CoinTo对不上","time":"2019-08-01T17:30:46+08:00"}
{"level":"warning","msg":"CoinFrom,CoinTo对不上","time":"2019-08-01T17:30:46+08:00"}
{"level":"warning","msg":"CoinFrom,CoinTo对不上","time":"2019-08-01T17:30:46+08:00"}
{"level":"warning","msg":"CoinFrom,CoinTo对不上","time":"2019-08-01T17:30:46+08:00"}
{"level":"warning","msg":"CoinFrom,CoinTo对不上","time":"2019-08-01T17:30:46+08:00"}
{"level":"warning","msg":"CoinFrom,CoinTo对不上","time":"2019-08-01T17:30:46+08:00"}
{"level":"warning","msg":"CoinFrom,CoinTo对不上","time":"2019-08-01T17:30:46+08:00"}
{"level":"warning","msg":"CoinFrom,CoinTo对不上","time":"2019-08-01T17:30:46+08:00"}
{"level":"warning","msg":"CoinFrom,CoinTo对不上","time":"2019-08-01T17:30:46+08:00"}
{"level":"warning","msg":"CoinFrom,CoinTo对不上","time":"2019-08-01T17:30:46+08:00"}
{"level":"warning","msg":"CoinFrom,CoinTo对不上","time":"2019-08-01T17:30:46+08:00"}
{"level":"warning","msg":"CoinFrom,CoinTo对不上","time":"2019-08-01T17:30:46+08:00"}
{"level":"warning","msg":"CoinFrom,CoinTo对不上","time":"2019-08-01T17:30:46+08:00"}
{"level":"warning","msg":"CoinFrom,CoinTo对不上","time":"2019-08-01T17:30:46+08:00"}
{"level":"warning","msg":"CoinFrom,CoinTo对不上","time":"2019-08-01T17:30:46+08:00"}
{"level":"warning","msg":"CoinFrom,CoinTo对不上","time":"2019-08-01T17:30:46+08:00"}
{"level":"warning","msg":"CoinFrom,CoinTo对不上","time":"2019-08-01T17:30:46+08:00"}
{"level":"warning","msg":"CoinFrom,CoinTo对不上","time":"2019-08-01T17:30:46+08:00"}
{"level":"warning","msg":"CoinFrom,CoinTo对不上","time":"2019-08-01T17:30:46+08:00"}
{"level":"warning","msg":"CoinFrom,CoinTo对不上","time":"2019-08-01T17:30:46+08:00"}
{"level":"warning","msg":"CoinFrom,CoinTo对不上","time":"2019-08-01T17:30:46+08:00"}
{"level":"warning","msg":"CoinFrom,CoinTo对不上","time":"2019-08-01T17:30:46+08:00"}
{"level":"warning","msg":"CoinFrom,CoinTo对不上","time":"2019-08-01T17:30:46+08:00"}
{"level":"warning","msg":"CoinFrom,CoinTo对不上","time":"2019-08-01T17:30:46+08:00"}
{"level":"warning","msg":"CoinFrom,CoinTo对不上","time":"2019-08-01T17:30:46+08:00"}
{"level":"warning","msg":"CoinFrom,CoinTo对不上","time":"2019-08-01T17:30:46+08:00"}
{"level":"warning","msg":"CoinFrom,CoinTo对不上","time":"2019-08-01T17:30:46+08:00"}
{"level":"warning","msg":"CoinFrom,CoinTo对不上","time":"2019-08-01T17:30:46+08:00"}
{"level":"warning","msg":"CoinFrom,CoinTo对不上","time":"2019-08-01T17:30:46+08:00"}
{"level":"warning","msg":"CoinFrom,CoinTo对不上","time":"2019-08-01T17:30:46+08:00"}
{"level":"warning","msg":"CoinFrom,CoinTo对不上","time":"2019-08-01T17:30:46+08:00"}
{"level":"warning","msg":"CoinFrom,CoinTo对不上","time":"2019-08-01T17:30:46+08:00"}
{"level":"warning","msg":"CoinFrom,CoinTo对不上","time":"2019-08-01T17:30:46+08:00"}
{"level":"warning","msg":"CoinFrom,CoinTo对不上","time":"2019-08-01T17:30:46+08:00"}
{"level":"warning","msg":"CoinFrom,CoinTo对不上","time":"2019-08-01T17:30:46+08:00"}
{"level":"warning","msg":"CoinFrom,CoinTo对不上","time":"2019-08-01T17:30:46+08:00"}
{"level":"warning","msg":"CoinFrom,CoinTo对不上","time":"2019-08-01T17:30:46+08:00"}
{"level":"warning","msg":"CoinFrom,CoinTo对不上","time":"2019-08-01T17:30:46+08:00"}
{"level":"warning","msg":"CoinFrom,CoinTo对不上","time":"2019-08-01T17:30:46+08:00"}
{"level":"warning","msg":"CoinFrom,CoinTo对不上","time":"2019-08-01T17:30:46+08:00"}
{"level":"warning","msg":"CoinFrom,CoinTo对不上","time":"2019-08-01T17:30:46+08:00"}
{"level":"warning","msg":"CoinFrom,CoinTo对不上","time":"2019-08-01T17:30:46+08:00"}
{"level":"warning","msg":"CoinFrom,CoinTo对不上","time":"2019-08-01T17:30:46+08:00"}
{"level":"warning","msg":"CoinFrom,CoinTo对不上","time":"2019-08-01T17:30:46+08:00"}
{"level":"warning","msg":"CoinFrom,CoinTo对不上","time":"2019-08-01T17:30:46+08:00"}
{"level":"warning","msg":"CoinFrom,CoinTo对不上","time":"2019-08-01T17:30:46+08:00"}
{"level":"warning","msg":"CoinFrom,CoinTo对不上","time":"2019-08-01T17:30:46+08:00"}
{"level":"warning","msg":"CoinFrom,CoinTo对不上","time":"2019-08-01T17:30:46+08:00"}
{"level":"warning","msg":"CoinFrom,CoinTo对不上","time":"2019-08-01T17:30:46+08:00"}
{"level":"warning","msg":"CoinFrom,CoinTo对不上","time":"2019-08-01T17:30:46+08:00"}
{"level":"warning","msg":"CoinFrom,CoinTo对不上","time":"2019-08-01T17:30:46+08:00"}
{"level":"warning","msg":"CoinFrom,CoinTo对不上","time":"2019-08-01T17:30:46+08:00"}
{"level":"warning","msg":"CoinFrom,CoinTo对不上","time":"2019-08-01T17:30:46+08:00"}
{"level":"warning","msg":"CoinFrom,CoinTo对不上","time":"2019-08-01T17:30:46+08:00"}
{"level":"warning","msg":"CoinFrom,CoinTo对不上","time":"2019-08-01T17:30:46+08:00"}
{"level":"warning","msg":"CoinFrom,CoinTo对不上","time":"2019-08-01T17:30:46+08:00"}
{"level":"warning","msg":"CoinFrom,CoinTo对不上","time":"2019-08-01T17:30:46+08:00"}
{"level":"warning","msg":"CoinFrom,CoinTo对不上","time":"2019-08-01T17:30:46+08:00"}
{"level":"warning","msg":"CoinFrom,CoinTo对不上","time":"2019-08-01T17:30:46+08:00"}
{"level":"warning","msg":"CoinFrom,CoinTo对不上","time":"2019-08-01T17:30:47+08:00"}
{"level":"warning","msg":"CoinFrom,CoinTo对不上","time":"2019-08-01T17:30:47+08:00"}
{"level":"warning","msg":"CoinFrom,CoinTo对不上","time":"2019-08-01T17:30:47+08:00"}
{"level":"warning","msg":"CoinFrom,CoinTo对不上","time":"2019-08-01T17:30:47+08:00"}
{"level":"warning","msg":"CoinFrom,CoinTo对不上","time":"2019-08-01T17:30:47+08:00"}
{"level":"warning","msg":"CoinFrom,CoinTo对不上","time":"2019-08-01T17:30:47+08:00"}
{"level":"warning","msg":"CoinFrom,CoinTo对不上","time":"2019-08-01T17:30:47+08:00"}
{"level":"warning","msg":"CoinFrom,CoinTo对不上","time":"2019-08-01T17:30:47+08:00"}
{"level":"warning","msg":"CoinFrom,CoinTo对不上","time":"2019-08-01T17:30:47+08:00"}
{"level":"warning","msg":"CoinFrom,CoinTo对不上","time":"2019-08-01T17:30:47+08:00"}
{"level":"warning","msg":"CoinFrom,CoinTo对不上","time":"2019-08-01T17:30:47+08:00"}
{"level":"warning","msg":"CoinFrom,CoinTo对不上","time":"2019-08-01T17:30:47+08:00"}
{"level":"warning","msg":"CoinFrom,CoinTo对不上","time":"2019-08-01T17:30:47+08:00"}
{"level":"warning","msg":"CoinFrom,CoinTo对不上","time":"2019-08-01T17:30:47+08:00"}
{"level":"warning","msg":"CoinFrom,CoinTo对不上","time":"2019-08-01T17:30:47+08:00"}
{"level":"warning","msg":"CoinFrom,CoinTo对不上","time":"2019-08-01T17:30:47+08:00"}
{"level":"warning","msg":"CoinFrom,CoinTo对不上","time":"2019-08-01T17:30:47+08:00"}
{"level":"warning","msg":"CoinFrom,CoinTo对不上","time":"2019-08-01T17:30:47+08:00"}
{"level":"warning","msg":"CoinFrom,CoinTo对不上","time":"2019-08-01T17:30:47+08:00"}
{"level":"warning","msg":"CoinFrom,CoinTo对不上","time":"2019-08-01T17:30:47+08:00"}
{"level":"warning","msg":"CoinFrom,CoinTo对不上","time":"2019-08-01T17:30:47+08:00"}
{"level":"warning","msg":"CoinFrom,CoinTo对不上","time":"2019-08-01T17:30:47+08:00"}
{"level":"warning","msg":"CoinFrom,CoinTo对不上","time":"2019-08-01T17:30:47+08:00"}
{"level":"warning","msg":"CoinFrom,CoinTo对不上","time":"2019-08-01T17:30:47+08:00"}
{"level":"warning","msg":"CoinFrom,CoinTo对不上","time":"2019-08-01T17:30:47+08:00"}
{"level":"warning","msg":"CoinFrom,CoinTo对不上","time":"2019-08-01T17:30:47+08:00"}
{"level":"warning","msg":"CoinFrom,CoinTo对不上","time":"2019-08-01T17:30:47+08:00"}
{"level":"warning","msg":"CoinFrom,CoinTo对不上","time":"2019-08-01T17:30:47+08:00"}
{"level":"warning","msg":"CoinFrom,CoinTo对不上","time":"2019-08-01T17:30:47+08:00"}
{"level":"warning","msg":"CoinFrom,CoinTo对不上","time":"2019-08-01T17:30:47+08:00"}
{"level":"warning","msg":"CoinFrom,CoinTo对不上","time":"2019-08-01T17:30:47+08:00"}
{"level":"warning","msg":"CoinFrom,CoinTo对不上","time":"2019-08-01T17:30:47+08:00"}
{"level":"warning","msg":"CoinFrom,CoinTo对不上","time":"2019-08-01T17:30:47+08:00"}
{"level":"warning","msg":"CoinFrom,CoinTo对不上","time":"2019-08-01T17:30:47+08:00"}
{"level":"warning","msg":"CoinFrom,CoinTo对不上","time":"2019-08-01T17:30:47+08:00"}
{"level":"warning","msg":"CoinFrom,CoinTo对不上","time":"2019-08-01T17:30:47+08:00"}
{"level":"warning","msg":"CoinFrom,CoinTo对不上","time":"2019-08-01T17:30:47+08:00"}
{"level":"warning","msg":"CoinFrom,CoinTo对不上","time":"2019-08-01T17:30:47+08:00"}
{"level":"info","msg":"交易区：map[BTC:275 DOB:310 ETH:279 USDT:371]","time":"2019-08-01T17:34:04+08:00"}
{"level":"info","msg":"交易区同步成功","time":"2019-08-01T17:34:04+08:00"}
{"level":"info","msg":"交易区：map[BTC:412 DOB:447 ETH:416 USDT:508]","time":"2019-08-01T17:35:05+08:00"}
{"level":"info","msg":"交易区同步成功","time":"2019-08-01T17:35:05+08:00"}
{"level":"info","msg":"交易区：map[BTC:1 DOB:36 ETH:5 USDT:97]","time":"2019-08-01T17:42:14+08:00"}
{"level":"info","msg":"交易区同步成功","time":"2019-08-01T17:42:14+08:00"}
{"level":"info","msg":"交易区：map[BTC:1 DOB:36 ETH:5 USDT:97]","time":"2019-08-01T17:48:55+08:00"}
{"level":"info","msg":"交易区同步成功","time":"2019-08-01T17:48:55+08:00"}
{"level":"info","msg":"交易区：map[BTC:138 DOB:173 ETH:142 USDT:234]","time":"2019-08-01T17:54:04+08:00"}
{"level":"info","msg":"交易区同步成功","time":"2019-08-01T17:54:04+08:00"}
{"level":"info","msg":"交易区：map[BTC:1 DOB:36 ETH:5 USDT:97]","time":"2019-08-02T17:26:36+08:00"}
{"level":"info","msg":"交易区同步成功","time":"2019-08-02T17:26:36+08:00"}
